   1: t=0.001s
   2: t=0.002s
   3: t=0.003s
   4: t=0.004s
   5: t=0.005s
   6: t=0.006s
   7: t=0.007s
   8: t=0.008s
   9: t=0.009s
  10: t=0.010s
  11: t=0.011s
  12: t=0.012s
  13: t=0.013s
  14: t=0.014s
  15: t=0.015s
  16: t=0.016s
  17: t=0.017s
  18: t=0.018s
  19: t=0.019s
  20: t=0.020s
  21: t=0.021s
  22: t=0.022s
  23: t=0.023s
  24: t=0.024s
  25: t=0.025s
  26: t=0.026s
  27: t=0.027s
  28: t=0.028s
  29: t=0.029s
  30: t=0.030s
  31: t=0.031s
  32: t=0.032s
  33: t=0.033s
  34: t=0.034s
  35: t=0.035s
  36: t=0.036s
  37: t=0.037s
  38: t=0.038s
  39: t=0.039s
  40: t=0.040s
  41: t=0.041s
  42: t=0.042s
  43: t=0.043s
  44: t=0.044s
  45: t=0.045s
  46: t=0.046s
  47: t=0.047s
  48: t=0.048s
  49: t=0.049s
  50: t=0.050s
  51: t=0.051s
  52: t=0.052s
  53: t=0.053s
  54: t=0.054s
  55: t=0.055s
  56: t=0.056s
  57: t=0.057s
  58: t=0.058s
  59: t=0.059s
  60: t=0.060s
  61: t=0.061s
  62: t=0.062s
  63: t=0.063s
  64: t=0.064s
  65: t=0.065s
  66: t=0.066s
  67: t=0.067s
  68: t=0.068s
  69: t=0.069s
  70: t=0.070s
  71: t=0.071s
  72: t=0.072s
  73: t=0.073s
  74: t=0.074s
  75: t=0.075s
  76: t=0.076s
  77: t=0.077s
  78: t=0.078s
  79: t=0.079s
  80: t=0.080s
  81: t=0.081s
  82: t=0.082s
  83: t=0.083s
  84: t=0.084s
  85: t=0.085s
  86: t=0.086s
  87: t=0.087s
  88: t=0.088s
  89: t=0.089s
  90: t=0.090s
  91: t=0.091s
  92: t=0.092s
  93: t=0.093s
  94: t=0.094s
  95: t=0.095s
  96: t=0.096s
  97: t=0.097s
  98: t=0.098s
  99: t=0.099s
 100: t=0.100s
 101: t=0.101s
 102: t=0.102s
 103: t=0.103s
 104: t=0.104s
 105: t=0.105s
 106: t=0.106s
 107: t=0.107s
 108: t=0.108s
 109: t=0.109s
 110: t=0.110s
 111: t=0.111s
 112: t=0.112s
 113: t=0.113s
 114: t=0.114s
 115: t=0.115s
 116: t=0.116s
 117: t=0.117s
 118: t=0.118s
 119: t=0.119s
 120: t=0.120s
 121: t=0.121s
 122: t=0.122s
 123: t=0.123s
 124: t=0.124s
 125: t=0.125s
 126: t=0.126s
 127: t=0.127s
 128: t=0.128s
 129: t=0.129s
 130: t=0.130s
 131: t=0.131s
 132: t=0.132s
 133: t=0.133s
 134: t=0.134s
 135: t=0.135s
 136: t=0.136s
 137: t=0.137s
 138: t=0.138s
 139: t=0.139s
 140: t=0.140s
 141: t=0.141s
 142: t=0.142s
 143: t=0.143s
 144: t=0.144s
 145: t=0.145s
 146: t=0.146s
 147: t=0.147s
 148: t=0.148s
 149: t=0.149s
 150: t=0.150s
 151: t=0.151s
 152: t=0.152s
 153: t=0.153s
 154: t=0.154s
 155: t=0.155s
 156: t=0.156s
 157: t=0.157s
 158: t=0.158s
 159: t=0.159s
 160: t=0.160s
 161: t=0.161s
 162: t=0.162s
 163: t=0.163s
 164: t=0.164s
 165: t=0.165s
 166: t=0.166s
 167: t=0.167s
 168: t=0.168s
 169: t=0.169s
 170: t=0.170s
 171: t=0.171s
 172: t=0.172s
 173: t=0.173s
 174: t=0.174s
 175: t=0.175s
 176: t=0.176s
 177: t=0.177s
 178: t=0.178s
 179: t=0.179s
 180: t=0.180s
 181: t=0.181s
 182: t=0.182s
 183: t=0.183s
 184: t=0.184s
 185: t=0.185s
 186: t=0.186s
 187: t=0.187s
 188: t=0.188s
 189: t=0.189s
 190: t=0.190s
 191: t=0.191s
 192: t=0.192s
 193: t=0.193s
 194: t=0.194s
 195: t=0.195s
 196: t=0.196s
 197: t=0.197s
 198: t=0.198s
 199: t=0.199s
 200: t=0.200s
 201: t=0.201s
 202: t=0.202s
 203: t=0.203s
 204: t=0.204s
 205: t=0.205s
 206: t=0.206s
 207: t=0.207s
 208: t=0.208s
 209: t=0.209s
 210: t=0.210s
 211: t=0.211s
 212: t=0.212s
 213: t=0.213s
 214: t=0.214s
 215: t=0.215s
 216: t=0.216s
 217: t=0.217s
 218: t=0.218s
 219: t=0.219s
 220: t=0.220s
 221: t=0.221s
 222: t=0.222s
 223: t=0.223s
 224: t=0.224s
 225: t=0.225s
 226: t=0.226s
 227: t=0.227s
 228: t=0.228s
 229: t=0.229s
 230: t=0.230s
 231: t=0.231s
 232: t=0.232s
 233: t=0.233s
 234: t=0.234s
 235: t=0.235s
 236: t=0.236s
 237: t=0.237s
 238: t=0.238s
 239: t=0.239s
 240: t=0.240s
 241: t=0.241s
 242: t=0.242s
 243: t=0.243s
 244: t=0.244s
 245: t=0.245s
 246: t=0.246s
 247: t=0.247s
 248: t=0.248s
 249: t=0.249s
 250: t=0.250s
 251: t=0.251s
 252: t=0.252s
 253: t=0.253s
 254: t=0.254s
 255: t=0.255s
 256: t=0.256s
 257: t=0.257s
 258: t=0.258s
 259: t=0.259s
 260: t=0.260s
 261: t=0.261s
 262: t=0.262s
 263: t=0.263s
 264: t=0.264s
 265: t=0.265s
 266: t=0.266s
 267: t=0.267s
 268: t=0.268s
 269: t=0.269s
 270: t=0.270s
 271: t=0.271s
 272: t=0.272s
 273: t=0.273s
 274: t=0.274s
 275: t=0.275s
 276: t=0.276s
 277: t=0.277s
 278: t=0.278s
 279: t=0.279s
 280: t=0.280s
 281: t=0.281s
 282: t=0.282s
 283: t=0.283s
 284: t=0.284s
 285: t=0.285s
 286: t=0.286s
 287: t=0.287s
 288: t=0.288s
 289: t=0.289s
 290: t=0.290s
 291: t=0.291s
 292: t=0.292s
 293: t=0.293s
 294: t=0.294s
 295: t=0.295s
 296: t=0.296s
 297: t=0.297s
 298: t=0.298s
 299: t=0.299s
 300: t=0.300s
 301: t=0.301s
 302: t=0.302s
 303: t=0.303s
 304: t=0.304s
 305: t=0.305s
 306: t=0.306s
 307: t=0.307s
 308: t=0.308s
 309: t=0.309s
 310: t=0.310s
 311: t=0.311s
 312: t=0.312s
 313: t=0.313s
 314: t=0.314s
 315: t=0.315s
 316: t=0.316s
 317: t=0.317s
 318: t=0.318s
 319: t=0.319s
 320: t=0.320s
 321: t=0.321s
 322: t=0.322s
 323: t=0.323s
 324: t=0.324s
 325: t=0.325s
 326: t=0.326s
 327: t=0.327s
 328: t=0.328s
 329: t=0.329s
 330: t=0.330s
 331: t=0.331s
 332: t=0.332s
 333: t=0.333s
 334: t=0.334s
 335: t=0.335s
 336: t=0.336s
 337: t=0.337s
 338: t=0.338s
 339: t=0.339s
 340: t=0.340s
 341: t=0.341s
 342: t=0.342s
 343: t=0.343s
 344: t=0.344s
 345: t=0.345s
 346: t=0.346s
 347: t=0.347s
 348: t=0.348s
 349: t=0.349s
 350: t=0.350s
 351: t=0.351s
 352: t=0.352s
 353: t=0.353s
 354: t=0.354s
 355: t=0.355s
 356: t=0.356s
 357: t=0.357s
 358: t=0.358s
 359: t=0.359s
 360: t=0.360s
 361: t=0.361s
 362: t=0.362s
 363: t=0.363s
 364: t=0.364s
 365: t=0.365s
 366: t=0.366s
 367: t=0.367s
 368: t=0.368s
 369: t=0.369s
 370: t=0.370s
 371: t=0.371s
 372: t=0.372s
 373: t=0.373s
 374: t=0.374s
 375: t=0.375s
 376: t=0.376s
 377: t=0.377s
 378: t=0.378s
 379: t=0.379s
 380: t=0.380s
 381: t=0.381s
 382: t=0.382s
 383: t=0.383s
 384: t=0.384s
 385: t=0.385s
 386: t=0.386s
 387: t=0.387s
 388: t=0.388s
 389: t=0.389s
 390: t=0.390s
 391: t=0.391s
 392: t=0.392s
 393: t=0.393s
 394: t=0.394s
 395: t=0.395s
 396: t=0.396s
 397: t=0.397s
 398: t=0.398s
 399: t=0.399s
 400: t=0.400s
 401: t=0.401s
 402: t=0.402s
 403: t=0.403s
 404: t=0.404s
 405: t=0.405s
 406: t=0.406s
 407: t=0.407s
 408: t=0.408s
 409: t=0.409s
 410: t=0.410s
 411: t=0.411s
 412: t=0.412s
 413: t=0.413s
 414: t=0.414s
 415: t=0.415s
 416: t=0.416s
 417: t=0.417s
 418: t=0.418s
 419: t=0.419s
 420: t=0.420s
 421: t=0.421s
 422: t=0.422s
 423: t=0.423s
 424: t=0.424s
 425: t=0.425s
 426: t=0.426s
 427: t=0.427s
 428: t=0.428s
 429: t=0.429s
 430: t=0.430s
 431: t=0.431s
 432: t=0.432s
 433: t=0.433s
 434: t=0.434s
 435: t=0.435s
 436: t=0.436s
 437: t=0.437s
 438: t=0.438s
 439: t=0.439s
 440: t=0.440s
 441: t=0.441s
 442: t=0.442s
 443: t=0.443s
 444: t=0.444s
 445: t=0.445s
 446: t=0.446s
 447: t=0.447s
 448: t=0.448s
 449: t=0.449s
 450: t=0.450s
 451: t=0.451s
 452: t=0.452s
 453: t=0.453s
 454: t=0.454s
 455: t=0.455s
 456: t=0.456s
 457: t=0.457s
 458: t=0.458s
 459: t=0.459s
 460: t=0.460s
 461: t=0.461s
 462: t=0.462s
 463: t=0.463s
 464: t=0.464s
 465: t=0.465s
 466: t=0.466s
 467: t=0.467s
 468: t=0.468s
 469: t=0.469s
 470: t=0.470s
 471: t=0.471s
 472: t=0.472s
 473: t=0.473s
 474: t=0.474s
 475: t=0.475s
 476: t=0.476s
 477: t=0.477s
 478: t=0.478s
 479: t=0.479s
 480: t=0.480s
 481: t=0.481s
 482: t=0.482s
 483: t=0.483s
 484: t=0.484s
 485: t=0.485s
 486: t=0.486s
 487: t=0.487s
 488: t=0.488s
 489: t=0.489s
 490: t=0.490s
 491: t=0.491s
 492: t=0.492s
 493: t=0.493s
 494: t=0.494s
 495: t=0.495s
 496: t=0.496s
 497: t=0.497s
 498: t=0.498s
 499: t=0.499s
 500: t=0.500s
 501: t=0.501s
 502: t=0.502s
 503: t=0.503s
 504: t=0.504s
 505: t=0.505s
 506: t=0.506s
 507: t=0.507s
 508: t=0.508s
 509: t=0.509s
 510: t=0.510s
 511: t=0.511s
 512: t=0.512s
 513: t=0.513s
 514: t=0.514s
 515: t=0.515s
 516: t=0.516s
 517: t=0.517s
 518: t=0.518s
 519: t=0.519s
 520: t=0.520s
 521: t=0.521s
 522: t=0.522s
 523: t=0.523s
 524: t=0.524s
 525: t=0.525s
 526: t=0.526s
 527: t=0.527s
 528: t=0.528s
 529: t=0.529s
 530: t=0.530s
 531: t=0.531s
 532: t=0.532s
 533: t=0.533s
 534: t=0.534s
 535: t=0.535s
 536: t=0.536s
 537: t=0.537s
 538: t=0.538s
 539: t=0.539s
 540: t=0.540s
 541: t=0.541s
 542: t=0.542s
 543: t=0.543s
 544: t=0.544s
 545: t=0.545s
 546: t=0.546s
 547: t=0.547s
 548: t=0.548s
 549: t=0.549s
 550: t=0.550s
 551: t=0.551s
 552: t=0.552s
 553: t=0.553s
 554: t=0.554s
 555: t=0.555s
 556: t=0.556s
 557: t=0.557s
 558: t=0.558s
 559: t=0.559s
 560: t=0.560s
 561: t=0.561s
 562: t=0.562s
 563: t=0.563s
 564: t=0.564s
 565: t=0.565s
 566: t=0.566s
 567: t=0.567s
 568: t=0.568s
 569: t=0.569s
 570: t=0.570s
 571: t=0.571s
 572: t=0.572s
 573: t=0.573s
 574: t=0.574s
 575: t=0.575s
 576: t=0.576s
 577: t=0.577s
 578: t=0.578s
 579: t=0.579s
 580: t=0.580s
 581: t=0.581s
 582: t=0.582s
 583: t=0.583s
 584: t=0.584s
 585: t=0.585s
 586: t=0.586s
 587: t=0.587s
 588: t=0.588s
 589: t=0.589s
 590: t=0.590s
 591: t=0.591s
 592: t=0.592s
 593: t=0.593s
 594: t=0.594s
 595: t=0.595s
 596: t=0.596s
 597: t=0.597s
 598: t=0.598s
 599: t=0.599s
 600: t=0.600s
 601: t=0.601s
 602: t=0.602s
 603: t=0.603s
 604: t=0.604s
 605: t=0.605s
 606: t=0.606s
 607: t=0.607s
 608: t=0.608s
 609: t=0.609s
 610: t=0.610s
 611: t=0.611s
 612: t=0.612s
 613: t=0.613s
 614: t=0.614s
 615: t=0.615s
 616: t=0.616s
 617: t=0.617s
 618: t=0.618s
 619: t=0.619s
 620: t=0.620s
 621: t=0.621s
 622: t=0.622s
 623: t=0.623s
 624: t=0.624s
 625: t=0.625s
 626: t=0.626s
 627: t=0.627s
 628: t=0.628s
 629: t=0.629s
 630: t=0.630s
 631: t=0.631s
 632: t=0.632s
 633: t=0.633s
 634: t=0.634s
 635: t=0.635s
 636: t=0.636s
 637: t=0.637s
 638: t=0.638s
 639: t=0.639s
 640: t=0.640s
 641: t=0.641s
 642: t=0.642s
 643: t=0.643s
 644: t=0.644s
 645: t=0.645s
 646: t=0.646s
 647: t=0.647s
 648: t=0.648s
 649: t=0.649s
 650: t=0.650s
 651: t=0.651s
 652: t=0.652s
 653: t=0.653s
 654: t=0.654s
 655: t=0.655s
 656: t=0.656s
 657: t=0.657s
 658: t=0.658s
 659: t=0.659s
 660: t=0.660s
 661: t=0.661s
 662: t=0.662s
 663: t=0.663s
 664: t=0.664s
 665: t=0.665s
 666: t=0.666s
 667: t=0.667s
 668: t=0.668s
 669: t=0.669s
 670: t=0.670s
 671: t=0.671s
 672: t=0.672s
 673: t=0.673s
 674: t=0.674s
 675: t=0.675s
 676: t=0.676s
 677: t=0.677s
 678: t=0.678s
 679: t=0.679s
 680: t=0.680s
 681: t=0.681s
 682: t=0.682s
 683: t=0.683s
 684: t=0.684s
 685: t=0.685s
 686: t=0.686s
 687: t=0.687s
 688: t=0.688s
 689: t=0.689s
 690: t=0.690s
 691: t=0.691s
 692: t=0.692s
 693: t=0.693s
 694: t=0.694s
 695: t=0.695s
 696: t=0.696s
 697: t=0.697s
 698: t=0.698s
 699: t=0.699s
 700: t=0.700s
 701: t=0.701s
 702: t=0.702s
 703: t=0.703s
 704: t=0.704s
 705: t=0.705s
 706: t=0.706s
 707: t=0.707s
 708: t=0.708s
 709: t=0.709s
 710: t=0.710s
 711: t=0.711s
 712: t=0.712s
 713: t=0.713s
 714: t=0.714s
 715: t=0.715s
 716: t=0.716s
 717: t=0.717s
 718: t=0.718s
 719: t=0.719s
 720: t=0.720s
 721: t=0.721s
 722: t=0.722s
 723: t=0.723s
 724: t=0.724s
 725: t=0.725s
 726: t=0.726s
 727: t=0.727s
 728: t=0.728s
 729: t=0.729s
 730: t=0.730s
 731: t=0.731s
 732: t=0.732s
 733: t=0.733s
 734: t=0.734s
 735: t=0.735s
 736: t=0.736s
 737: t=0.737s
 738: t=0.738s
 739: t=0.739s
 740: t=0.740s
 741: t=0.741s
 742: t=0.742s
 743: t=0.743s
 744: t=0.744s
 745: t=0.745s
 746: t=0.746s
 747: t=0.747s
 748: t=0.748s
 749: t=0.749s
 750: t=0.750s
 751: t=0.751s
 752: t=0.752s
 753: t=0.753s
 754: t=0.754s
 755: t=0.755s
 756: t=0.756s
 757: t=0.757s
 758: t=0.758s
 759: t=0.759s
 760: t=0.760s
 761: t=0.761s
 762: t=0.762s
 763: t=0.763s
 764: t=0.764s
 765: t=0.765s
 766: t=0.766s
 767: t=0.767s
 768: t=0.768s
 769: t=0.769s
 770: t=0.770s
 771: t=0.771s
 772: t=0.772s
 773: t=0.773s
 774: t=0.774s
 775: t=0.775s
 776: t=0.776s
 777: t=0.777s
 778: t=0.778s
 779: t=0.779s
 780: t=0.780s
 781: t=0.781s
 782: t=0.782s
 783: t=0.783s
 784: t=0.784s
 785: t=0.785s
 786: t=0.786s
 787: t=0.787s
 788: t=0.788s
 789: t=0.789s
 790: t=0.790s
 791: t=0.791s
 792: t=0.792s
 793: t=0.793s
 794: t=0.794s
 795: t=0.795s
 796: t=0.796s
 797: t=0.797s
 798: t=0.798s
 799: t=0.799s
 800: t=0.800s
 801: t=0.801s
 802: t=0.802s
 803: t=0.803s
 804: t=0.804s
 805: t=0.805s
 806: t=0.806s
 807: t=0.807s
 808: t=0.808s
 809: t=0.809s
 810: t=0.810s
 811: t=0.811s
 812: t=0.812s
 813: t=0.813s
 814: t=0.814s
 815: t=0.815s
 816: t=0.816s
 817: t=0.817s
 818: t=0.818s
 819: t=0.819s
 820: t=0.820s
 821: t=0.821s
 822: t=0.822s
 823: t=0.823s
 824: t=0.824s
 825: t=0.825s
 826: t=0.826s
 827: t=0.827s
 828: t=0.828s
 829: t=0.829s
 830: t=0.830s
 831: t=0.831s
 832: t=0.832s
 833: t=0.833s
 834: t=0.834s
 835: t=0.835s
 836: t=0.836s
 837: t=0.837s
 838: t=0.838s
 839: t=0.839s
 840: t=0.840s
 841: t=0.841s
 842: t=0.842s
 843: t=0.843s
 844: t=0.844s
 845: t=0.845s
 846: t=0.846s
 847: t=0.847s
 848: t=0.848s
 849: t=0.849s
 850: t=0.850s
 851: t=0.851s
 852: t=0.852s
 853: t=0.853s
 854: t=0.854s
 855: t=0.855s
 856: t=0.856s
 857: t=0.857s
 858: t=0.858s
 859: t=0.859s
 860: t=0.860s
 861: t=0.861s
 862: t=0.862s
 863: t=0.863s
 864: t=0.864s
 865: t=0.865s
 866: t=0.866s
 867: t=0.867s
 868: t=0.868s
 869: t=0.869s
 870: t=0.870s
 871: t=0.871s
 872: t=0.872s
 873: t=0.873s
 874: t=0.874s
 875: t=0.875s
 876: t=0.876s
 877: t=0.877s
 878: t=0.878s
 879: t=0.879s
 880: t=0.880s
 881: t=0.881s
 882: t=0.882s
 883: t=0.883s
 884: t=0.884s
 885: t=0.885s
 886: t=0.886s
 887: t=0.887s
 888: t=0.888s
 889: t=0.889s
 890: t=0.890s
 891: t=0.891s
 892: t=0.892s
 893: t=0.893s
 894: t=0.894s
 895: t=0.895s
 896: t=0.896s
 897: t=0.897s
 898: t=0.898s
 899: t=0.899s
 900: t=0.900s
 901: t=0.901s
 902: t=0.902s
 903: t=0.903s
 904: t=0.904s
 905: t=0.905s
 906: t=0.906s
 907: t=0.907s
 908: t=0.908s
 909: t=0.909s
 910: t=0.910s
 911: t=0.911s
 912: t=0.912s
 913: t=0.913s
 914: t=0.914s
 915: t=0.915s
 916: t=0.916s
 917: t=0.917s
 918: t=0.918s
 919: t=0.919s
 920: t=0.920s
 921: t=0.921s
 922: t=0.922s
 923: t=0.923s
 924: t=0.924s
 925: t=0.925s
 926: t=0.926s
 927: t=0.927s
 928: t=0.928s
 929: t=0.929s
 930: t=0.930s
 931: t=0.931s
 932: t=0.932s
 933: t=0.933s
 934: t=0.934s
 935: t=0.935s
 936: t=0.936s
 937: t=0.937s
 938: t=0.938s
 939: t=0.939s
 940: t=0.940s
 941: t=0.941s
 942: t=0.942s
 943: t=0.943s
 944: t=0.944s
 945: t=0.945s
 946: t=0.946s
 947: t=0.947s
 948: t=0.948s
 949: t=0.949s
 950: t=0.950s
 951: t=0.951s
 952: t=0.952s
 953: t=0.953s
 954: t=0.954s
 955: t=0.955s
 956: t=0.956s
 957: t=0.957s
 958: t=0.958s
 959: t=0.959s
 960: t=0.960s
 961: t=0.961s
 962: t=0.962s
 963: t=0.963s
 964: t=0.964s
 965: t=0.965s
 966: t=0.966s
 967: t=0.967s
 968: t=0.968s
 969: t=0.969s
 970: t=0.970s
 971: t=0.971s
 972: t=0.972s
 973: t=0.973s
 974: t=0.974s
 975: t=0.975s
 976: t=0.976s
 977: t=0.977s
 978: t=0.978s
 979: t=0.979s
 980: t=0.980s
 981: t=0.981s
 982: t=0.982s
 983: t=0.983s
 984: t=0.984s
 985: t=0.985s
 986: t=0.986s
 987: t=0.987s
 988: t=0.988s
 989: t=0.989s
 990: t=0.990s
 991: t=0.991s
 992: t=0.992s
 993: t=0.993s
 994: t=0.994s
 995: t=0.995s
 996: t=0.996s
 997: t=0.997s
 998: t=0.998s
 999: t=0.999s
1000: t=1.000s
1001: t=1.001s
1002: t=1.002s
1003: t=1.003s
1004: t=1.004s
1005: t=1.005s
1006: t=1.006s
1007: t=1.007s
1008: t=1.008s
1009: t=1.009s
1010: t=1.010s
1011: t=1.011s
1012: t=1.012s
1013: t=1.013s
1014: t=1.014s
1015: t=1.015s
1016: t=1.016s
1017: t=1.017s
1018: t=1.018s
1019: t=1.019s
1020: t=1.020s
1021: t=1.021s
1022: t=1.022s
1023: t=1.023s
1024: t=1.024s
1025: t=1.025s
1026: t=1.026s
1027: t=1.027s
1028: t=1.028s
1029: t=1.029s
1030: t=1.030s
1031: t=1.031s
1032: t=1.032s
1033: t=1.033s
1034: t=1.034s
1035: t=1.035s
1036: t=1.036s
1037: t=1.037s
1038: t=1.038s
1039: t=1.039s
1040: t=1.040s
1041: t=1.041s
1042: t=1.042s
1043: t=1.043s
1044: t=1.044s
1045: t=1.045s
1046: t=1.046s
1047: t=1.047s
1048: t=1.048s
1049: t=1.049s
1050: t=1.050s
1051: t=1.051s
1052: t=1.052s
1053: t=1.053s
1054: t=1.054s
1055: t=1.055s
1056: t=1.056s
1057: t=1.057s
1058: t=1.058s
1059: t=1.059s
1060: t=1.060s
1061: t=1.061s
1062: t=1.062s
1063: t=1.063s
1064: t=1.064s
1065: t=1.065s
1066: t=1.066s
1067: t=1.067s
1068: t=1.068s
1069: t=1.069s
1070: t=1.070s
1071: t=1.071s
1072: t=1.072s
1073: t=1.073s
1074: t=1.074s
1075: t=1.075s
1076: t=1.076s
1077: t=1.077s
1078: t=1.078s
1079: t=1.079s
1080: t=1.080s
1081: t=1.081s
1082: t=1.082s
1083: t=1.083s
1084: t=1.084s
1085: t=1.085s
1086: t=1.086s
1087: t=1.087s
1088: t=1.088s
1089: t=1.089s
1090: t=1.090s
1091: t=1.091s
1092: t=1.092s
1093: t=1.093s
1094: t=1.094s
1095: t=1.095s
1096: t=1.096s
1097: t=1.097s
1098: t=1.098s
1099: t=1.099s
1100: t=1.100s
1101: t=1.101s
1102: t=1.102s
1103: t=1.103s
1104: t=1.104s
1105: t=1.105s
1106: t=1.106s
1107: t=1.107s
1108: t=1.108s
1109: t=1.109s
1110: t=1.110s
1111: t=1.111s
1112: t=1.112s
1113: t=1.113s
1114: t=1.114s
1115: t=1.115s
1116: t=1.116s
1117: t=1.117s
1118: t=1.118s
1119: t=1.119s
1120: t=1.120s
1121: t=1.121s
1122: t=1.122s
1123: t=1.123s
1124: t=1.124s
1125: t=1.125s
1126: t=1.126s
1127: t=1.127s
1128: t=1.128s
1129: t=1.129s
1130: t=1.130s
1131: t=1.131s
1132: t=1.132s
1133: t=1.133s
1134: t=1.134s
1135: t=1.135s
1136: t=1.136s
1137: t=1.137s
1138: t=1.138s
1139: t=1.139s
1140: t=1.140s
1141: t=1.141s
1142: t=1.142s
1143: t=1.143s
1144: t=1.144s
1145: t=1.145s
1146: t=1.146s
1147: t=1.147s
1148: t=1.148s
1149: t=1.149s
1150: t=1.150s
1151: t=1.151s
1152: t=1.152s
1153: t=1.153s
1154: t=1.154s
1155: t=1.155s
1156: t=1.156s
1157: t=1.157s
1158: t=1.158s
1159: t=1.159s
1160: t=1.160s
1161: t=1.161s
1162: t=1.162s
1163: t=1.163s
1164: t=1.164s
1165: t=1.165s
1166: t=1.166s
1167: t=1.167s
1168: t=1.168s
1169: t=1.169s
1170: t=1.170s
1171: t=1.171s
1172: t=1.172s
1173: t=1.173s
1174: t=1.174s
1175: t=1.175s
1176: t=1.176s
1177: t=1.177s
1178: t=1.178s
1179: t=1.179s
1180: t=1.180s
1181: t=1.181s
1182: t=1.182s
1183: t=1.183s
1184: t=1.184s
1185: t=1.185s
1186: t=1.186s
1187: t=1.187s
1188: t=1.188s
1189: t=1.189s
1190: t=1.190s
1191: t=1.191s
1192: t=1.192s
1193: t=1.193s
1194: t=1.194s
1195: t=1.195s
1196: t=1.196s
1197: t=1.197s
1198: t=1.198s
1199: t=1.199s
1200: t=1.200s
1201: t=1.201s
1202: t=1.202s
1203: t=1.203s
1204: t=1.204s
1205: t=1.205s
1206: t=1.206s
1207: t=1.207s
1208: t=1.208s
1209: t=1.209s
1210: t=1.210s
1211: t=1.211s
1212: t=1.212s
1213: t=1.213s
1214: t=1.214s
1215: t=1.215s
1216: t=1.216s
1217: t=1.217s
1218: t=1.218s
1219: t=1.219s
1220: t=1.220s
1221: t=1.221s
1222: t=1.222s
1223: t=1.223s
1224: t=1.224s
1225: t=1.225s
1226: t=1.226s
1227: t=1.227s
1228: t=1.228s
1229: t=1.229s
1230: t=1.230s
1231: t=1.231s
1232: t=1.232s
1233: t=1.233s
1234: t=1.234s
1235: t=1.235s
1236: t=1.236s
1237: t=1.237s
1238: t=1.238s
1239: t=1.239s
1240: t=1.240s
1241: t=1.241s
1242: t=1.242s
1243: t=1.243s
1244: t=1.244s
1245: t=1.245s
1246: t=1.246s
1247: t=1.247s
1248: t=1.248s
1249: t=1.249s
1250: t=1.250s
1251: t=1.251s
1252: t=1.252s
1253: t=1.253s
1254: t=1.254s
1255: t=1.255s
1256: t=1.256s
1257: t=1.257s
1258: t=1.258s
1259: t=1.259s
1260: t=1.260s
1261: t=1.261s
1262: t=1.262s
1263: t=1.263s
1264: t=1.264s
1265: t=1.265s
1266: t=1.266s
1267: t=1.267s
1268: t=1.268s
1269: t=1.269s
1270: t=1.270s
1271: t=1.271s
1272: t=1.272s
1273: t=1.273s
1274: t=1.274s
1275: t=1.275s
1276: t=1.276s
1277: t=1.277s
1278: t=1.278s
1279: t=1.279s
1280: t=1.280s
1281: t=1.281s
1282: t=1.282s
1283: t=1.283s
1284: t=1.284s
1285: t=1.285s
1286: t=1.286s
1287: t=1.287s
1288: t=1.288s
1289: t=1.289s
1290: t=1.290s
1291: t=1.291s
1292: t=1.292s
1293: t=1.293s
1294: t=1.294s
1295: t=1.295s
1296: t=1.296s
1297: t=1.297s
1298: t=1.298s
1299: t=1.299s
1300: t=1.300s
1301: t=1.301s
1302: t=1.302s
1303: t=1.303s
1304: t=1.304s
1305: t=1.305s
1306: t=1.306s
1307: t=1.307s
1308: t=1.308s
1309: t=1.309s
1310: t=1.310s
1311: t=1.311s
1312: t=1.312s
1313: t=1.313s
1314: t=1.314s
1315: t=1.315s
1316: t=1.316s
1317: t=1.317s
1318: t=1.318s
1319: t=1.319s
1320: t=1.320s
1321: t=1.321s
1322: t=1.322s
1323: t=1.323s
1324: t=1.324s
1325: t=1.325s
1326: t=1.326s
1327: t=1.327s
1328: t=1.328s
1329: t=1.329s
1330: t=1.330s
1331: t=1.331s
1332: t=1.332s
1333: t=1.333s
1334: t=1.334s
1335: t=1.335s
1336: t=1.336s
1337: t=1.337s
1338: t=1.338s
1339: t=1.339s
1340: t=1.340s
1341: t=1.341s
1342: t=1.342s
1343: t=1.343s
1344: t=1.344s
1345: t=1.345s
1346: t=1.346s
1347: t=1.347s
1348: t=1.348s
1349: t=1.349s
1350: t=1.350s
1351: t=1.351s
1352: t=1.352s
1353: t=1.353s
1354: t=1.354s
1355: t=1.355s
1356: t=1.356s
1357: t=1.357s
1358: t=1.358s
1359: t=1.359s
1360: t=1.360s
1361: t=1.361s
1362: t=1.362s
1363: t=1.363s
1364: t=1.364s
1365: t=1.365s
1366: t=1.366s
1367: t=1.367s
1368: t=1.368s
1369: t=1.369s
1370: t=1.370s
1371: t=1.371s
1372: t=1.372s
1373: t=1.373s
1374: t=1.374s
1375: t=1.375s
1376: t=1.376s
1377: t=1.377s
1378: t=1.378s
1379: t=1.379s
1380: t=1.380s
1381: t=1.381s
1382: t=1.382s
1383: t=1.383s
1384: t=1.384s
1385: t=1.385s
1386: t=1.386s
1387: t=1.387s
1388: t=1.388s
1389: t=1.389s
1390: t=1.390s
1391: t=1.391s
1392: t=1.392s
1393: t=1.393s
1394: t=1.394s
1395: t=1.395s
1396: t=1.396s
1397: t=1.397s
1398: t=1.398s
1399: t=1.399s
1400: t=1.400s
1401: t=1.401s
1402: t=1.402s
1403: t=1.403s
1404: t=1.404s
1405: t=1.405s
1406: t=1.406s
1407: t=1.407s
1408: t=1.408s
1409: t=1.409s
1410: t=1.410s
1411: t=1.411s
1412: t=1.412s
1413: t=1.413s
1414: t=1.414s
1415: t=1.415s
1416: t=1.416s
1417: t=1.417s
1418: t=1.418s
1419: t=1.419s
1420: t=1.420s
1421: t=1.421s
1422: t=1.422s
1423: t=1.423s
1424: t=1.424s
1425: t=1.425s
1426: t=1.426s
1427: t=1.427s
1428: t=1.428s
1429: t=1.429s
1430: t=1.430s
1431: t=1.431s
1432: t=1.432s
1433: t=1.433s
1434: t=1.434s
1435: t=1.435s
1436: t=1.436s
1437: t=1.437s
1438: t=1.438s
1439: t=1.439s
1440: t=1.440s
1441: t=1.441s
1442: t=1.442s
1443: t=1.443s
1444: t=1.444s
1445: t=1.445s
1446: t=1.446s
1447: t=1.447s
1448: t=1.448s
1449: t=1.449s
1450: t=1.450s
1451: t=1.451s
1452: t=1.452s
1453: t=1.453s
1454: t=1.454s
1455: t=1.455s
1456: t=1.456s
1457: t=1.457s
1458: t=1.458s
1459: t=1.459s
1460: t=1.460s
1461: t=1.461s
1462: t=1.462s
1463: t=1.463s
1464: t=1.464s
1465: t=1.465s
1466: t=1.466s
1467: t=1.467s
1468: t=1.468s
1469: t=1.469s
1470: t=1.470s
1471: t=1.471s
1472: t=1.472s
1473: t=1.473s
1474: t=1.474s
1475: t=1.475s
1476: t=1.476s
1477: t=1.477s
1478: t=1.478s
1479: t=1.479s
1480: t=1.480s
1481: t=1.481s
1482: t=1.482s
1483: t=1.483s
1484: t=1.484s
1485: t=1.485s
1486: t=1.486s
1487: t=1.487s
1488: t=1.488s
1489: t=1.489s
1490: t=1.490s
1491: t=1.491s
1492: t=1.492s
1493: t=1.493s
1494: t=1.494s
1495: t=1.495s
1496: t=1.496s
1497: t=1.497s
1498: t=1.498s
1499: t=1.499s
1500: t=1.500s
1501: t=1.501s
1502: t=1.502s
1503: t=1.503s
1504: t=1.504s
1505: t=1.505s
1506: t=1.506s
1507: t=1.507s
1508: t=1.508s
1509: t=1.509s
1510: t=1.510s
1511: t=1.511s
1512: t=1.512s
1513: t=1.513s
1514: t=1.514s
1515: t=1.515s
1516: t=1.516s
1517: t=1.517s
1518: t=1.518s
1519: t=1.519s
1520: t=1.520s
1521: t=1.521s
1522: t=1.522s
1523: t=1.523s
1524: t=1.524s
1525: t=1.525s
1526: t=1.526s
1527: t=1.527s
1528: t=1.528s
1529: t=1.529s
1530: t=1.530s
1531: t=1.531s
1532: t=1.532s
1533: t=1.533s
1534: t=1.534s
1535: t=1.535s
1536: t=1.536s
1537: t=1.537s
1538: t=1.538s
1539: t=1.539s
1540: t=1.540s
1541: t=1.541s
1542: t=1.542s
1543: t=1.543s
1544: t=1.544s
1545: t=1.545s
1546: t=1.546s
1547: t=1.547s
1548: t=1.548s
1549: t=1.549s
1550: t=1.550s
1551: t=1.551s
1552: t=1.552s
1553: t=1.553s
1554: t=1.554s
1555: t=1.555s
1556: t=1.556s
1557: t=1.557s
1558: t=1.558s
1559: t=1.559s
1560: t=1.560s
1561: t=1.561s
1562: t=1.562s
1563: t=1.563s
1564: t=1.564s
1565: t=1.565s
1566: t=1.566s
1567: t=1.567s
1568: t=1.568s
1569: t=1.569s
1570: t=1.570s
1571: t=1.571s
1572: t=1.572s
1573: t=1.573s
1574: t=1.574s
1575: t=1.575s
1576: t=1.576s
1577: t=1.577s
1578: t=1.578s
1579: t=1.579s
1580: t=1.580s
1581: t=1.581s
1582: t=1.582s
1583: t=1.583s
1584: t=1.584s
1585: t=1.585s
1586: t=1.586s
1587: t=1.587s
1588: t=1.588s
1589: t=1.589s
1590: t=1.590s
1591: t=1.591s
1592: t=1.592s
1593: t=1.593s
1594: t=1.594s
1595: t=1.595s
1596: t=1.596s
1597: t=1.597s
1598: t=1.598s
1599: t=1.599s
1600: t=1.600s
1601: t=1.601s
1602: t=1.602s
1603: t=1.603s
1604: t=1.604s
1605: t=1.605s
1606: t=1.606s
1607: t=1.607s
1608: t=1.608s
1609: t=1.609s
1610: t=1.610s
1611: t=1.611s
1612: t=1.612s
1613: t=1.613s
1614: t=1.614s
1615: t=1.615s
1616: t=1.616s
1617: t=1.617s
1618: t=1.618s
1619: t=1.619s
1620: t=1.620s
1621: t=1.621s
1622: t=1.622s
1623: t=1.623s
1624: t=1.624s
1625: t=1.625s
1626: t=1.626s
1627: t=1.627s
1628: t=1.628s
1629: t=1.629s
1630: t=1.630s
1631: t=1.631s
1632: t=1.632s
1633: t=1.633s
1634: t=1.634s
1635: t=1.635s
1636: t=1.636s
1637: t=1.637s
1638: t=1.638s
1639: t=1.639s
1640: t=1.640s
1641: t=1.641s
1642: t=1.642s
1643: t=1.643s
1644: t=1.644s
1645: t=1.645s
1646: t=1.646s
1647: t=1.647s
1648: t=1.648s
1649: t=1.649s
1650: t=1.650s
1651: t=1.651s
1652: t=1.652s
1653: t=1.653s
1654: t=1.654s
1655: t=1.655s
1656: t=1.656s
1657: t=1.657s
1658: t=1.658s
1659: t=1.659s
1660: t=1.660s
1661: t=1.661s
1662: t=1.662s
1663: t=1.663s
1664: t=1.664s
1665: t=1.665s
1666: t=1.666s
1667: t=1.667s
1668: t=1.668s
1669: t=1.669s
1670: t=1.670s
1671: t=1.671s
1672: t=1.672s
1673: t=1.673s
1674: t=1.674s
1675: t=1.675s
1676: t=1.676s
1677: t=1.677s
1678: t=1.678s
1679: t=1.679s
1680: t=1.680s
1681: t=1.681s
1682: t=1.682s
1683: t=1.683s
1684: t=1.684s
1685: t=1.685s
1686: t=1.686s
1687: t=1.687s
1688: t=1.688s
1689: t=1.689s
1690: t=1.690s
1691: t=1.691s
1692: t=1.692s
1693: t=1.693s
1694: t=1.694s
1695: t=1.695s
1696: t=1.696s
1697: t=1.697s
1698: t=1.698s
1699: t=1.699s
1700: t=1.700s
1701: t=1.701s
1702: t=1.702s
1703: t=1.703s
1704: t=1.704s
1705: t=1.705s
1706: t=1.706s
1707: t=1.707s
1708: t=1.708s
1709: t=1.709s
1710: t=1.710s
1711: t=1.711s
1712: t=1.712s
1713: t=1.713s
1714: t=1.714s
1715: t=1.715s
1716: t=1.716s
1717: t=1.717s
1718: t=1.718s
1719: t=1.719s
1720: t=1.720s
1721: t=1.721s
1722: t=1.722s
1723: t=1.723s
1724: t=1.724s
1725: t=1.725s
1726: t=1.726s
1727: t=1.727s
1728: t=1.728s
1729: t=1.729s
1730: t=1.730s
1731: t=1.731s
1732: t=1.732s
1733: t=1.733s
1734: t=1.734s
1735: t=1.735s
1736: t=1.736s
1737: t=1.737s
1738: t=1.738s
1739: t=1.739s
1740: t=1.740s
1741: t=1.741s
1742: t=1.742s
1743: t=1.743s
1744: t=1.744s
1745: t=1.745s
1746: t=1.746s
1747: t=1.747s
1748: t=1.748s
1749: t=1.749s
1750: t=1.750s
1751: t=1.751s
1752: t=1.752s
1753: t=1.753s
1754: t=1.754s
1755: t=1.755s
1756: t=1.756s
1757: t=1.757s
1758: t=1.758s
1759: t=1.759s
1760: t=1.760s
1761: t=1.761s
1762: t=1.762s
1763: t=1.763s
1764: t=1.764s
1765: t=1.765s
1766: t=1.766s
1767: t=1.767s
1768: t=1.768s
1769: t=1.769s
1770: t=1.770s
1771: t=1.771s
1772: t=1.772s
1773: t=1.773s
1774: t=1.774s
1775: t=1.775s
1776: t=1.776s
1777: t=1.777s
1778: t=1.778s
1779: t=1.779s
1780: t=1.780s
1781: t=1.781s
1782: t=1.782s
1783: t=1.783s
1784: t=1.784s
1785: t=1.785s
1786: t=1.786s
1787: t=1.787s
1788: t=1.788s
1789: t=1.789s
1790: t=1.790s
1791: t=1.791s
1792: t=1.792s
1793: t=1.793s
1794: t=1.794s
1795: t=1.795s
1796: t=1.796s
1797: t=1.797s
1798: t=1.798s
1799: t=1.799s
1800: t=1.800s
1801: t=1.801s
1802: t=1.802s
1803: t=1.803s
1804: t=1.804s
1805: t=1.805s
1806: t=1.806s
1807: t=1.807s
1808: t=1.808s
1809: t=1.809s
1810: t=1.810s
1811: t=1.811s
1812: t=1.812s
1813: t=1.813s
1814: t=1.814s
1815: t=1.815s
1816: t=1.816s
1817: t=1.817s
1818: t=1.818s
1819: t=1.819s
1820: t=1.820s
1821: t=1.821s
1822: t=1.822s
1823: t=1.823s
1824: t=1.824s
1825: t=1.825s
1826: t=1.826s
1827: t=1.827s
1828: t=1.828s
1829: t=1.829s
1830: t=1.830s
1831: t=1.831s
1832: t=1.832s
1833: t=1.833s
1834: t=1.834s
1835: t=1.835s
1836: t=1.836s
1837: t=1.837s
1838: t=1.838s
1839: t=1.839s
1840: t=1.840s
1841: t=1.841s
1842: t=1.842s
1843: t=1.843s
1844: t=1.844s
1845: t=1.845s
1846: t=1.846s
1847: t=1.847s
1848: t=1.848s
1849: t=1.849s
1850: t=1.850s
1851: t=1.851s
1852: t=1.852s
1853: t=1.853s
1854: t=1.854s
1855: t=1.855s
1856: t=1.856s
1857: t=1.857s
1858: t=1.858s
1859: t=1.859s
1860: t=1.860s
1861: t=1.861s
1862: t=1.862s
1863: t=1.863s
1864: t=1.864s
1865: t=1.865s
1866: t=1.866s
1867: t=1.867s
1868: t=1.868s
1869: t=1.869s
1870: t=1.870s
1871: t=1.871s
1872: t=1.872s
1873: t=1.873s
1874: t=1.874s
1875: t=1.875s
1876: t=1.876s
1877: t=1.877s
1878: t=1.878s
1879: t=1.879s
1880: t=1.880s
1881: t=1.881s
1882: t=1.882s
1883: t=1.883s
1884: t=1.884s
1885: t=1.885s
1886: t=1.886s
1887: t=1.887s
1888: t=1.888s
1889: t=1.889s
1890: t=1.890s
1891: t=1.891s
1892: t=1.892s
1893: t=1.893s
1894: t=1.894s
1895: t=1.895s
1896: t=1.896s
1897: t=1.897s
1898: t=1.898s
1899: t=1.899s
1900: t=1.900s
1901: t=1.901s
1902: t=1.902s
1903: t=1.903s
1904: t=1.904s
1905: t=1.905s
1906: t=1.906s
1907: t=1.907s
1908: t=1.908s
1909: t=1.909s
1910: t=1.910s
1911: t=1.911s
1912: t=1.912s
1913: t=1.913s
1914: t=1.914s
1915: t=1.915s
1916: t=1.916s
1917: t=1.917s
1918: t=1.918s
1919: t=1.919s
1920: t=1.920s
1921: t=1.921s
1922: t=1.922s
1923: t=1.923s
1924: t=1.924s
1925: t=1.925s
1926: t=1.926s
1927: t=1.927s
1928: t=1.928s
1929: t=1.929s
1930: t=1.930s
1931: t=1.931s
1932: t=1.932s
1933: t=1.933s
1934: t=1.934s
1935: t=1.935s
1936: t=1.936s
1937: t=1.937s
1938: t=1.938s
1939: t=1.939s
1940: t=1.940s
1941: t=1.941s
1942: t=1.942s
1943: t=1.943s
1944: t=1.944s
1945: t=1.945s
1946: t=1.946s
1947: t=1.947s
1948: t=1.948s
1949: t=1.949s
1950: t=1.950s
1951: t=1.951s
1952: t=1.952s
1953: t=1.953s
1954: t=1.954s
1955: t=1.955s
1956: t=1.956s
1957: t=1.957s
1958: t=1.958s
1959: t=1.959s
1960: t=1.960s
1961: t=1.961s
1962: t=1.962s
1963: t=1.963s
1964: t=1.964s
1965: t=1.965s
1966: t=1.966s
1967: t=1.967s
1968: t=1.968s
1969: t=1.969s
1970: t=1.970s
1971: t=1.971s
1972: t=1.972s
1973: t=1.973s
1974: t=1.974s
1975: t=1.975s
1976: t=1.976s
1977: t=1.977s
1978: t=1.978s
1979: t=1.979s
1980: t=1.980s
1981: t=1.981s
1982: t=1.982s
1983: t=1.983s
1984: t=1.984s
1985: t=1.985s
1986: t=1.986s
1987: t=1.987s
1988: t=1.988s
1989: t=1.989s
1990: t=1.990s
1991: t=1.991s
1992: t=1.992s
1993: t=1.993s
1994: t=1.994s
1995: t=1.995s
1996: t=1.996s
1997: t=1.997s
1998: t=1.998s
1999: t=1.999s
2000: t=2.000s
2001: t=2.001s
2002: t=2.002s
2003: t=2.003s
2004: t=2.004s
2005: t=2.005s
2006: t=2.006s
2007: t=2.007s
2008: t=2.008s
2009: t=2.009s
2010: t=2.010s
2011: t=2.011s
2012: t=2.012s
2013: t=2.013s
2014: t=2.014s
2015: t=2.015s
2016: t=2.016s
2017: t=2.017s
2018: t=2.018s
2019: t=2.019s
2020: t=2.020s
2021: t=2.021s
2022: t=2.022s
2023: t=2.023s
2024: t=2.024s
2025: t=2.025s
2026: t=2.026s
2027: t=2.027s
2028: t=2.028s
2029: t=2.029s
2030: t=2.030s
2031: t=2.031s
2032: t=2.032s
2033: t=2.033s
2034: t=2.034s
2035: t=2.035s
2036: t=2.036s
2037: t=2.037s
2038: t=2.038s
2039: t=2.039s
2040: t=2.040s
2041: t=2.041s
2042: t=2.042s
2043: t=2.043s
2044: t=2.044s
2045: t=2.045s
2046: t=2.046s
2047: t=2.047s
2048: t=2.048s
2049: t=2.049s
2050: t=2.050s
2051: t=2.051s
2052: t=2.052s
2053: t=2.053s
2054: t=2.054s
2055: t=2.055s
2056: t=2.056s
2057: t=2.057s
2058: t=2.058s
2059: t=2.059s
2060: t=2.060s
2061: t=2.061s
2062: t=2.062s
2063: t=2.063s
2064: t=2.064s
2065: t=2.065s
2066: t=2.066s
2067: t=2.067s
2068: t=2.068s
2069: t=2.069s
2070: t=2.070s
2071: t=2.071s
2072: t=2.072s
2073: t=2.073s
2074: t=2.074s
2075: t=2.075s
2076: t=2.076s
2077: t=2.077s
2078: t=2.078s
2079: t=2.079s
2080: t=2.080s
2081: t=2.081s
2082: t=2.082s
2083: t=2.083s
2084: t=2.084s
2085: t=2.085s
2086: t=2.086s
2087: t=2.087s
2088: t=2.088s
2089: t=2.089s
2090: t=2.090s
2091: t=2.091s
2092: t=2.092s
2093: t=2.093s
2094: t=2.094s
2095: t=2.095s
2096: t=2.096s
2097: t=2.097s
2098: t=2.098s
2099: t=2.099s
2100: t=2.100s
2101: t=2.101s
2102: t=2.102s
2103: t=2.103s
2104: t=2.104s
2105: t=2.105s
2106: t=2.106s
2107: t=2.107s
2108: t=2.108s
2109: t=2.109s
2110: t=2.110s
2111: t=2.111s
2112: t=2.112s
2113: t=2.113s
2114: t=2.114s
2115: t=2.115s
2116: t=2.116s
2117: t=2.117s
2118: t=2.118s
2119: t=2.119s
2120: t=2.120s
2121: t=2.121s
2122: t=2.122s
2123: t=2.123s
2124: t=2.124s
2125: t=2.125s
2126: t=2.126s
2127: t=2.127s
2128: t=2.128s
2129: t=2.129s
2130: t=2.130s
2131: t=2.131s
2132: t=2.132s
2133: t=2.133s
2134: t=2.134s
2135: t=2.135s
2136: t=2.136s
2137: t=2.137s
2138: t=2.138s
2139: t=2.139s
2140: t=2.140s
2141: t=2.141s
2142: t=2.142s
2143: t=2.143s
2144: t=2.144s
2145: t=2.145s
2146: t=2.146s
2147: t=2.147s
2148: t=2.148s
2149: t=2.149s
2150: t=2.150s
2151: t=2.151s
2152: t=2.152s
2153: t=2.153s
2154: t=2.154s
2155: t=2.155s
2156: t=2.156s
2157: t=2.157s
2158: t=2.158s
2159: t=2.159s
2160: t=2.160s
2161: t=2.161s
2162: t=2.162s
2163: t=2.163s
2164: t=2.164s
2165: t=2.165s
2166: t=2.166s
2167: t=2.167s
2168: t=2.168s
2169: t=2.169s
2170: t=2.170s
2171: t=2.171s
2172: t=2.172s
2173: t=2.173s
2174: t=2.174s
2175: t=2.175s
2176: t=2.176s
2177: t=2.177s
2178: t=2.178s
2179: t=2.179s
2180: t=2.180s
2181: t=2.181s
2182: t=2.182s
2183: t=2.183s
2184: t=2.184s
2185: t=2.185s
2186: t=2.186s
2187: t=2.187s
2188: t=2.188s
2189: t=2.189s
2190: t=2.190s
2191: t=2.191s
2192: t=2.192s
2193: t=2.193s
2194: t=2.194s
2195: t=2.195s
2196: t=2.196s
2197: t=2.197s
2198: t=2.198s
2199: t=2.199s
2200: t=2.200s
2201: t=2.201s
2202: t=2.202s
2203: t=2.203s
2204: t=2.204s
2205: t=2.205s
2206: t=2.206s
2207: t=2.207s
2208: t=2.208s
2209: t=2.209s
2210: t=2.210s
2211: t=2.211s
2212: t=2.212s
2213: t=2.213s
2214: t=2.214s
2215: t=2.215s
2216: t=2.216s
2217: t=2.217s
2218: t=2.218s
2219: t=2.219s
2220: t=2.220s
2221: t=2.221s
2222: t=2.222s
2223: t=2.223s
2224: t=2.224s
2225: t=2.225s
2226: t=2.226s
2227: t=2.227s
2228: t=2.228s
2229: t=2.229s
2230: t=2.230s
2231: t=2.231s
2232: t=2.232s
2233: t=2.233s
2234: t=2.234s
2235: t=2.235s
2236: t=2.236s
2237: t=2.237s
2238: t=2.238s
2239: t=2.239s
2240: t=2.240s
2241: t=2.241s
2242: t=2.242s
2243: t=2.243s
2244: t=2.244s
2245: t=2.245s
2246: t=2.246s
2247: t=2.247s
2248: t=2.248s
2249: t=2.249s
2250: t=2.250s
2251: t=2.251s
2252: t=2.252s
2253: t=2.253s
2254: t=2.254s
2255: t=2.255s
2256: t=2.256s
2257: t=2.257s
2258: t=2.258s
2259: t=2.259s
2260: t=2.260s
2261: t=2.261s
2262: t=2.262s
2263: t=2.263s
2264: t=2.264s
2265: t=2.265s
2266: t=2.266s
2267: t=2.267s
2268: t=2.268s
2269: t=2.269s
2270: t=2.270s
2271: t=2.271s
2272: t=2.272s
2273: t=2.273s
2274: t=2.274s
2275: t=2.275s
2276: t=2.276s
2277: t=2.277s
2278: t=2.278s
2279: t=2.279s
2280: t=2.280s
2281: t=2.281s
2282: t=2.282s
2283: t=2.283s
2284: t=2.284s
2285: t=2.285s
2286: t=2.286s
2287: t=2.287s
2288: t=2.288s
2289: t=2.289s
2290: t=2.290s
2291: t=2.291s
2292: t=2.292s
2293: t=2.293s
2294: t=2.294s
2295: t=2.295s
2296: t=2.296s
2297: t=2.297s
2298: t=2.298s
2299: t=2.299s
2300: t=2.300s
2301: t=2.301s
2302: t=2.302s
2303: t=2.303s
2304: t=2.304s
2305: t=2.305s
2306: t=2.306s
2307: t=2.307s
2308: t=2.308s
2309: t=2.309s
2310: t=2.310s
2311: t=2.311s
2312: t=2.312s
2313: t=2.313s
2314: t=2.314s
2315: t=2.315s
2316: t=2.316s
2317: t=2.317s
2318: t=2.318s
2319: t=2.319s
2320: t=2.320s
2321: t=2.321s
2322: t=2.322s
2323: t=2.323s
2324: t=2.324s
2325: t=2.325s
2326: t=2.326s
2327: t=2.327s
2328: t=2.328s
2329: t=2.329s
2330: t=2.330s
2331: t=2.331s
2332: t=2.332s
2333: t=2.333s
2334: t=2.334s
2335: t=2.335s
2336: t=2.336s
2337: t=2.337s
2338: t=2.338s
2339: t=2.339s
2340: t=2.340s
2341: t=2.341s
2342: t=2.342s
2343: t=2.343s
2344: t=2.344s
2345: t=2.345s
2346: t=2.346s
2347: t=2.347s
2348: t=2.348s
2349: t=2.349s
2350: t=2.350s
2351: t=2.351s
2352: t=2.352s
2353: t=2.353s
2354: t=2.354s
2355: t=2.355s
2356: t=2.356s
2357: t=2.357s
2358: t=2.358s
2359: t=2.359s
2360: t=2.360s
2361: t=2.361s
2362: t=2.362s
2363: t=2.363s
2364: t=2.364s
2365: t=2.365s
2366: t=2.366s
2367: t=2.367s
2368: t=2.368s
2369: t=2.369s
2370: t=2.370s
2371: t=2.371s
2372: t=2.372s
2373: t=2.373s
2374: t=2.374s
2375: t=2.375s
2376: t=2.376s
2377: t=2.377s
2378: t=2.378s
2379: t=2.379s
2380: t=2.380s
2381: t=2.381s
2382: t=2.382s
2383: t=2.383s
2384: t=2.384s
2385: t=2.385s
2386: t=2.386s
2387: t=2.387s
2388: t=2.388s
2389: t=2.389s
2390: t=2.390s
2391: t=2.391s
2392: t=2.392s
2393: t=2.393s
2394: t=2.394s
2395: t=2.395s
2396: t=2.396s
2397: t=2.397s
2398: t=2.398s
2399: t=2.399s
2400: t=2.400s
2401: t=2.401s
2402: t=2.402s
2403: t=2.403s
2404: t=2.404s
2405: t=2.405s
2406: t=2.406s
2407: t=2.407s
2408: t=2.408s
2409: t=2.409s
2410: t=2.410s
2411: t=2.411s
2412: t=2.412s
2413: t=2.413s
2414: t=2.414s
2415: t=2.415s
2416: t=2.416s
2417: t=2.417s
2418: t=2.418s
2419: t=2.419s
2420: t=2.420s
2421: t=2.421s
2422: t=2.422s
2423: t=2.423s
2424: t=2.424s
2425: t=2.425s
2426: t=2.426s
2427: t=2.427s
2428: t=2.428s
2429: t=2.429s
2430: t=2.430s
2431: t=2.431s
2432: t=2.432s
2433: t=2.433s
2434: t=2.434s
2435: t=2.435s
2436: t=2.436s
2437: t=2.437s
2438: t=2.438s
2439: t=2.439s
2440: t=2.440s
2441: t=2.441s
2442: t=2.442s
2443: t=2.443s
2444: t=2.444s
2445: t=2.445s
2446: t=2.446s
2447: t=2.447s
2448: t=2.448s
2449: t=2.449s
2450: t=2.450s
2451: t=2.451s
2452: t=2.452s
2453: t=2.453s
2454: t=2.454s
2455: t=2.455s
2456: t=2.456s
2457: t=2.457s
2458: t=2.458s
2459: t=2.459s
2460: t=2.460s
2461: t=2.461s
2462: t=2.462s
2463: t=2.463s
2464: t=2.464s
2465: t=2.465s
2466: t=2.466s
2467: t=2.467s
2468: t=2.468s
2469: t=2.469s
2470: t=2.470s
2471: t=2.471s
2472: t=2.472s
2473: t=2.473s
2474: t=2.474s
2475: t=2.475s
2476: t=2.476s
2477: t=2.477s
2478: t=2.478s
2479: t=2.479s
2480: t=2.480s
2481: t=2.481s
2482: t=2.482s
2483: t=2.483s
2484: t=2.484s
2485: t=2.485s
2486: t=2.486s
2487: t=2.487s
2488: t=2.488s
2489: t=2.489s
2490: t=2.490s
2491: t=2.491s
2492: t=2.492s
2493: t=2.493s
2494: t=2.494s
2495: t=2.495s
2496: t=2.496s
2497: t=2.497s
2498: t=2.498s
2499: t=2.499s
2500: t=2.500s
2501: t=2.501s
2502: t=2.502s
2503: t=2.503s
2504: t=2.504s
2505: t=2.505s
2506: t=2.506s
2507: t=2.507s
2508: t=2.508s
2509: t=2.509s
2510: t=2.510s
2511: t=2.511s
2512: t=2.512s
2513: t=2.513s
2514: t=2.514s
2515: t=2.515s
2516: t=2.516s
2517: t=2.517s
2518: t=2.518s
2519: t=2.519s
2520: t=2.520s
2521: t=2.521s
2522: t=2.522s
2523: t=2.523s
2524: t=2.524s
2525: t=2.525s
2526: t=2.526s
2527: t=2.527s
2528: t=2.528s
2529: t=2.529s
2530: t=2.530s
2531: t=2.531s
2532: t=2.532s
2533: t=2.533s
2534: t=2.534s
2535: t=2.535s
2536: t=2.536s
2537: t=2.537s
2538: t=2.538s
2539: t=2.539s
2540: t=2.540s
2541: t=2.541s
2542: t=2.542s
2543: t=2.543s
2544: t=2.544s
2545: t=2.545s
2546: t=2.546s
2547: t=2.547s
2548: t=2.548s
2549: t=2.549s
2550: t=2.550s
2551: t=2.551s
2552: t=2.552s
2553: t=2.553s
2554: t=2.554s
2555: t=2.555s
2556: t=2.556s
2557: t=2.557s
2558: t=2.558s
2559: t=2.559s
2560: t=2.560s
2561: t=2.561s
2562: t=2.562s
2563: t=2.563s
2564: t=2.564s
2565: t=2.565s
2566: t=2.566s
2567: t=2.567s
2568: t=2.568s
2569: t=2.569s
2570: t=2.570s
2571: t=2.571s
2572: t=2.572s
2573: t=2.573s
2574: t=2.574s
2575: t=2.575s
2576: t=2.576s
2577: t=2.577s
2578: t=2.578s
2579: t=2.579s
2580: t=2.580s
2581: t=2.581s
2582: t=2.582s
2583: t=2.583s
2584: t=2.584s
2585: t=2.585s
2586: t=2.586s
2587: t=2.587s
2588: t=2.588s
2589: t=2.589s
2590: t=2.590s
2591: t=2.591s
2592: t=2.592s
2593: t=2.593s
2594: t=2.594s
2595: t=2.595s
2596: t=2.596s
2597: t=2.597s
2598: t=2.598s
2599: t=2.599s
2600: t=2.600s
2601: t=2.601s
2602: t=2.602s
2603: t=2.603s
2604: t=2.604s
2605: t=2.605s
2606: t=2.606s
2607: t=2.607s
2608: t=2.608s
2609: t=2.609s
2610: t=2.610s
2611: t=2.611s
2612: t=2.612s
2613: t=2.613s
2614: t=2.614s
2615: t=2.615s
2616: t=2.616s
2617: t=2.617s
2618: t=2.618s
2619: t=2.619s
2620: t=2.620s
2621: t=2.621s
2622: t=2.622s
2623: t=2.623s
2624: t=2.624s
2625: t=2.625s
2626: t=2.626s
2627: t=2.627s
2628: t=2.628s
2629: t=2.629s
2630: t=2.630s
2631: t=2.631s
2632: t=2.632s
2633: t=2.633s
2634: t=2.634s
2635: t=2.635s
2636: t=2.636s
2637: t=2.637s
2638: t=2.638s
2639: t=2.639s
2640: t=2.640s
2641: t=2.641s
2642: t=2.642s
2643: t=2.643s
2644: t=2.644s
2645: t=2.645s
2646: t=2.646s
2647: t=2.647s
2648: t=2.648s
2649: t=2.649s
2650: t=2.650s
2651: t=2.651s
2652: t=2.652s
2653: t=2.653s
2654: t=2.654s
2655: t=2.655s
2656: t=2.656s
2657: t=2.657s
2658: t=2.658s
2659: t=2.659s
2660: t=2.660s
2661: t=2.661s
2662: t=2.662s
2663: t=2.663s
2664: t=2.664s
2665: t=2.665s
2666: t=2.666s
2667: t=2.667s
2668: t=2.668s
2669: t=2.669s
2670: t=2.670s
2671: t=2.671s
2672: t=2.672s
2673: t=2.673s
2674: t=2.674s
2675: t=2.675s
2676: t=2.676s
2677: t=2.677s
2678: t=2.678s
2679: t=2.679s
2680: t=2.680s
2681: t=2.681s
2682: t=2.682s
2683: t=2.683s
2684: t=2.684s
2685: t=2.685s
2686: t=2.686s
2687: t=2.687s
2688: t=2.688s
2689: t=2.689s
2690: t=2.690s
2691: t=2.691s
2692: t=2.692s
2693: t=2.693s
2694: t=2.694s
2695: t=2.695s
2696: t=2.696s
2697: t=2.697s
2698: t=2.698s
2699: t=2.699s
2700: t=2.700s
2701: t=2.701s
2702: t=2.702s
2703: t=2.703s
2704: t=2.704s
2705: t=2.705s
2706: t=2.706s
2707: t=2.707s
2708: t=2.708s
2709: t=2.709s
2710: t=2.710s
2711: t=2.711s
2712: t=2.712s
2713: t=2.713s
2714: t=2.714s
2715: t=2.715s
2716: t=2.716s
2717: t=2.717s
2718: t=2.718s
2719: t=2.719s
2720: t=2.720s
2721: t=2.721s
2722: t=2.722s
2723: t=2.723s
2724: t=2.724s
2725: t=2.725s
2726: t=2.726s
2727: t=2.727s
2728: t=2.728s
2729: t=2.729s
2730: t=2.730s
2731: t=2.731s
2732: t=2.732s
2733: t=2.733s
2734: t=2.734s
2735: t=2.735s
2736: t=2.736s
2737: t=2.737s
2738: t=2.738s
2739: t=2.739s
2740: t=2.740s
2741: t=2.741s
2742: t=2.742s
2743: t=2.743s
2744: t=2.744s
2745: t=2.745s
2746: t=2.746s
2747: t=2.747s
2748: t=2.748s
2749: t=2.749s
2750: t=2.750s
2751: t=2.751s
2752: t=2.752s
2753: t=2.753s
2754: t=2.754s
2755: t=2.755s
2756: t=2.756s
2757: t=2.757s
2758: t=2.758s
2759: t=2.759s
2760: t=2.760s
2761: t=2.761s
2762: t=2.762s
2763: t=2.763s
2764: t=2.764s
2765: t=2.765s
2766: t=2.766s
2767: t=2.767s
2768: t=2.768s
2769: t=2.769s
2770: t=2.770s
2771: t=2.771s
2772: t=2.772s
2773: t=2.773s
2774: t=2.774s
2775: t=2.775s
2776: t=2.776s
2777: t=2.777s
2778: t=2.778s
2779: t=2.779s
2780: t=2.780s
2781: t=2.781s
2782: t=2.782s
2783: t=2.783s
2784: t=2.784s
2785: t=2.785s
2786: t=2.786s
2787: t=2.787s
2788: t=2.788s
2789: t=2.789s
2790: t=2.790s
2791: t=2.791s
2792: t=2.792s
2793: t=2.793s
2794: t=2.794s
2795: t=2.795s
2796: t=2.796s
2797: t=2.797s
2798: t=2.798s
2799: t=2.799s
2800: t=2.800s
2801: t=2.801s
2802: t=2.802s
2803: t=2.803s
2804: t=2.804s
2805: t=2.805s
2806: t=2.806s
2807: t=2.807s
2808: t=2.808s
2809: t=2.809s
2810: t=2.810s
2811: t=2.811s
2812: t=2.812s
2813: t=2.813s
2814: t=2.814s
2815: t=2.815s
2816: t=2.816s
2817: t=2.817s
2818: t=2.818s
2819: t=2.819s
2820: t=2.820s
2821: t=2.821s
2822: t=2.822s
2823: t=2.823s
2824: t=2.824s
2825: t=2.825s
2826: t=2.826s
2827: t=2.827s
2828: t=2.828s
2829: t=2.829s
2830: t=2.830s
2831: t=2.831s
2832: t=2.832s
2833: t=2.833s
2834: t=2.834s
2835: t=2.835s
2836: t=2.836s
2837: t=2.837s
2838: t=2.838s
2839: t=2.839s
2840: t=2.840s
2841: t=2.841s
2842: t=2.842s
2843: t=2.843s
2844: t=2.844s
2845: t=2.845s
2846: t=2.846s
2847: t=2.847s
2848: t=2.848s
2849: t=2.849s
2850: t=2.850s
2851: t=2.851s
2852: t=2.852s
2853: t=2.853s
2854: t=2.854s
2855: t=2.855s
2856: t=2.856s
2857: t=2.857s
2858: t=2.858s
2859: t=2.859s
2860: t=2.860s
2861: t=2.861s
2862: t=2.862s
2863: t=2.863s
2864: t=2.864s
2865: t=2.865s
2866: t=2.866s
2867: t=2.867s
2868: t=2.868s
2869: t=2.869s
2870: t=2.870s
2871: t=2.871s
2872: t=2.872s
2873: t=2.873s
2874: t=2.874s
2875: t=2.875s
2876: t=2.876s
2877: t=2.877s
2878: t=2.878s
2879: t=2.879s
2880: t=2.880s
2881: t=2.881s
2882: t=2.882s
2883: t=2.883s
2884: t=2.884s
2885: t=2.885s
2886: t=2.886s
2887: t=2.887s
2888: t=2.888s
2889: t=2.889s
2890: t=2.890s
2891: t=2.891s
2892: t=2.892s
2893: t=2.893s
2894: t=2.894s
2895: t=2.895s
2896: t=2.896s
2897: t=2.897s
2898: t=2.898s
2899: t=2.899s
2900: t=2.900s
2901: t=2.901s
2902: t=2.902s
2903: t=2.903s
2904: t=2.904s
2905: t=2.905s
2906: t=2.906s
2907: t=2.907s
2908: t=2.908s
2909: t=2.909s
2910: t=2.910s
2911: t=2.911s
2912: t=2.912s
2913: t=2.913s
2914: t=2.914s
2915: t=2.915s
2916: t=2.916s
2917: t=2.917s
2918: t=2.918s
2919: t=2.919s
2920: t=2.920s
2921: t=2.921s
2922: t=2.922s
2923: t=2.923s
2924: t=2.924s
2925: t=2.925s
2926: t=2.926s
2927: t=2.927s
2928: t=2.928s
2929: t=2.929s
2930: t=2.930s
2931: t=2.931s
2932: t=2.932s
2933: t=2.933s
2934: t=2.934s
2935: t=2.935s
2936: t=2.936s
2937: t=2.937s
2938: t=2.938s
2939: t=2.939s
2940: t=2.940s
2941: t=2.941s
2942: t=2.942s
2943: t=2.943s
2944: t=2.944s
2945: t=2.945s
2946: t=2.946s
2947: t=2.947s
2948: t=2.948s
2949: t=2.949s
2950: t=2.950s
2951: t=2.951s
2952: t=2.952s
2953: t=2.953s
2954: t=2.954s
2955: t=2.955s
2956: t=2.956s
2957: t=2.957s
2958: t=2.958s
2959: t=2.959s
2960: t=2.960s
2961: t=2.961s
2962: t=2.962s
2963: t=2.963s
2964: t=2.964s
2965: t=2.965s
2966: t=2.966s
2967: t=2.967s
2968: t=2.968s
2969: t=2.969s
2970: t=2.970s
2971: t=2.971s
2972: t=2.972s
2973: t=2.973s
2974: t=2.974s
2975: t=2.975s
2976: t=2.976s
2977: t=2.977s
2978: t=2.978s
2979: t=2.979s
2980: t=2.980s
2981: t=2.981s
2982: t=2.982s
2983: t=2.983s
2984: t=2.984s
2985: t=2.985s
2986: t=2.986s
2987: t=2.987s
2988: t=2.988s
2989: t=2.989s
2990: t=2.990s
2991: t=2.991s
2992: t=2.992s
2993: t=2.993s
2994: t=2.994s
2995: t=2.995s
2996: t=2.996s
2997: t=2.997s
2998: t=2.998s
2999: t=2.999s
3000: t=3.000s
3001: t=3.001s
3002: t=3.002s
3003: t=3.003s
3004: t=3.004s
3005: t=3.005s
3006: t=3.006s
3007: t=3.007s
3008: t=3.008s
3009: t=3.009s
3010: t=3.010s
3011: t=3.011s
3012: t=3.012s
3013: t=3.013s
3014: t=3.014s
3015: t=3.015s
3016: t=3.016s
3017: t=3.017s
3018: t=3.018s
3019: t=3.019s
3020: t=3.020s
3021: t=3.021s
3022: t=3.022s
3023: t=3.023s
3024: t=3.024s
3025: t=3.025s
3026: t=3.026s
3027: t=3.027s
3028: t=3.028s
3029: t=3.029s
3030: t=3.030s
3031: t=3.031s
3032: t=3.032s
3033: t=3.033s
3034: t=3.034s
3035: t=3.035s
3036: t=3.036s
3037: t=3.037s
3038: t=3.038s
3039: t=3.039s
3040: t=3.040s
3041: t=3.041s
3042: t=3.042s
3043: t=3.043s
3044: t=3.044s
3045: t=3.045s
3046: t=3.046s
3047: t=3.047s
3048: t=3.048s
3049: t=3.049s
3050: t=3.050s
3051: t=3.051s
3052: t=3.052s
3053: t=3.053s
3054: t=3.054s
3055: t=3.055s
3056: t=3.056s
3057: t=3.057s
3058: t=3.058s
3059: t=3.059s
3060: t=3.060s
3061: t=3.061s
3062: t=3.062s
3063: t=3.063s
3064: t=3.064s
3065: t=3.065s
3066: t=3.066s
3067: t=3.067s
3068: t=3.068s
3069: t=3.069s
3070: t=3.070s
3071: t=3.071s
3072: t=3.072s
3073: t=3.073s
3074: t=3.074s
3075: t=3.075s
3076: t=3.076s
3077: t=3.077s
3078: t=3.078s
3079: t=3.079s
3080: t=3.080s
3081: t=3.081s
3082: t=3.082s
3083: t=3.083s
3084: t=3.084s
3085: t=3.085s
3086: t=3.086s
3087: t=3.087s
3088: t=3.088s
3089: t=3.089s
3090: t=3.090s
3091: t=3.091s
3092: t=3.092s
3093: t=3.093s
3094: t=3.094s
3095: t=3.095s
3096: t=3.096s
3097: t=3.097s
3098: t=3.098s
3099: t=3.099s
3100: t=3.100s
3101: t=3.101s
3102: t=3.102s
3103: t=3.103s
3104: t=3.104s
3105: t=3.105s
3106: t=3.106s
3107: t=3.107s
3108: t=3.108s
3109: t=3.109s
3110: t=3.110s
3111: t=3.111s
3112: t=3.112s
3113: t=3.113s
3114: t=3.114s
3115: t=3.115s
3116: t=3.116s
3117: t=3.117s
3118: t=3.118s
3119: t=3.119s
3120: t=3.120s
3121: t=3.121s
3122: t=3.122s
3123: t=3.123s
3124: t=3.124s
3125: t=3.125s
3126: t=3.126s
3127: t=3.127s
3128: t=3.128s
3129: t=3.129s
3130: t=3.130s
3131: t=3.131s
3132: t=3.132s
3133: t=3.133s
3134: t=3.134s
3135: t=3.135s
3136: t=3.136s
3137: t=3.137s
3138: t=3.138s
3139: t=3.139s
3140: t=3.140s
3141: t=3.141s
3142: t=3.142s
3143: t=3.143s
3144: t=3.144s
3145: t=3.145s
3146: t=3.146s
3147: t=3.147s
3148: t=3.148s
3149: t=3.149s
3150: t=3.150s
3151: t=3.151s
3152: t=3.152s
3153: t=3.153s
3154: t=3.154s
3155: t=3.155s
3156: t=3.156s
3157: t=3.157s
3158: t=3.158s
3159: t=3.159s
3160: t=3.160s
3161: t=3.161s
3162: t=3.162s
3163: t=3.163s
3164: t=3.164s
3165: t=3.165s
3166: t=3.166s
3167: t=3.167s
3168: t=3.168s
3169: t=3.169s
3170: t=3.170s
3171: t=3.171s
3172: t=3.172s
3173: t=3.173s
3174: t=3.174s
3175: t=3.175s
3176: t=3.176s
3177: t=3.177s
3178: t=3.178s
3179: t=3.179s
3180: t=3.180s
3181: t=3.181s
3182: t=3.182s
3183: t=3.183s
3184: t=3.184s
3185: t=3.185s
3186: t=3.186s
3187: t=3.187s
3188: t=3.188s
3189: t=3.189s
3190: t=3.190s
3191: t=3.191s
3192: t=3.192s
3193: t=3.193s
3194: t=3.194s
3195: t=3.195s
3196: t=3.196s
3197: t=3.197s
3198: t=3.198s
3199: t=3.199s
3200: t=3.200s
3201: t=3.201s
3202: t=3.202s
3203: t=3.203s
3204: t=3.204s
3205: t=3.205s
3206: t=3.206s
3207: t=3.207s
3208: t=3.208s
3209: t=3.209s
3210: t=3.210s
3211: t=3.211s
3212: t=3.212s
3213: t=3.213s
3214: t=3.214s
3215: t=3.215s
3216: t=3.216s
3217: t=3.217s
3218: t=3.218s
3219: t=3.219s
3220: t=3.220s
3221: t=3.221s
3222: t=3.222s
3223: t=3.223s
3224: t=3.224s
3225: t=3.225s
3226: t=3.226s
3227: t=3.227s
3228: t=3.228s
3229: t=3.229s
3230: t=3.230s
3231: t=3.231s
3232: t=3.232s
3233: t=3.233s
3234: t=3.234s
3235: t=3.235s
3236: t=3.236s
3237: t=3.237s
3238: t=3.238s
3239: t=3.239s
3240: t=3.240s
3241: t=3.241s
3242: t=3.242s
3243: t=3.243s
3244: t=3.244s
3245: t=3.245s
3246: t=3.246s
3247: t=3.247s
3248: t=3.248s
3249: t=3.249s
3250: t=3.250s
3251: t=3.251s
3252: t=3.252s
3253: t=3.253s
3254: t=3.254s
3255: t=3.255s
3256: t=3.256s
3257: t=3.257s
3258: t=3.258s
3259: t=3.259s
3260: t=3.260s
3261: t=3.261s
3262: t=3.262s
3263: t=3.263s
3264: t=3.264s
3265: t=3.265s
3266: t=3.266s
3267: t=3.267s
3268: t=3.268s
3269: t=3.269s
3270: t=3.270s
3271: t=3.271s
3272: t=3.272s
3273: t=3.273s
3274: t=3.274s
3275: t=3.275s
3276: t=3.276s
3277: t=3.277s
3278: t=3.278s
3279: t=3.279s
3280: t=3.280s
3281: t=3.281s
3282: t=3.282s
3283: t=3.283s
3284: t=3.284s
3285: t=3.285s
3286: t=3.286s
3287: t=3.287s
3288: t=3.288s
3289: t=3.289s
3290: t=3.290s
3291: t=3.291s
3292: t=3.292s
3293: t=3.293s
3294: t=3.294s
3295: t=3.295s
3296: t=3.296s
3297: t=3.297s
3298: t=3.298s
3299: t=3.299s
3300: t=3.300s
3301: t=3.301s
3302: t=3.302s
3303: t=3.303s
3304: t=3.304s
3305: t=3.305s
3306: t=3.306s
3307: t=3.307s
3308: t=3.308s
3309: t=3.309s
3310: t=3.310s
3311: t=3.311s
3312: t=3.312s
3313: t=3.313s
3314: t=3.314s
3315: t=3.315s
3316: t=3.316s
3317: t=3.317s
3318: t=3.318s
3319: t=3.319s
3320: t=3.320s
3321: t=3.321s
3322: t=3.322s
3323: t=3.323s
3324: t=3.324s
3325: t=3.325s
3326: t=3.326s
3327: t=3.327s
3328: t=3.328s
3329: t=3.329s
3330: t=3.330s
3331: t=3.331s
3332: t=3.332s
3333: t=3.333s
3334: t=3.334s
3335: t=3.335s
3336: t=3.336s
3337: t=3.337s
3338: t=3.338s
3339: t=3.339s
3340: t=3.340s
3341: t=3.341s
3342: t=3.342s
3343: t=3.343s
3344: t=3.344s
3345: t=3.345s
3346: t=3.346s
3347: t=3.347s
3348: t=3.348s
3349: t=3.349s
3350: t=3.350s
3351: t=3.351s
3352: t=3.352s
3353: t=3.353s
3354: t=3.354s
3355: t=3.355s
3356: t=3.356s
3357: t=3.357s
3358: t=3.358s
3359: t=3.359s
3360: t=3.360s
3361: t=3.361s
3362: t=3.362s
3363: t=3.363s
3364: t=3.364s
3365: t=3.365s
3366: t=3.366s
3367: t=3.367s
3368: t=3.368s
3369: t=3.369s
3370: t=3.370s
3371: t=3.371s
3372: t=3.372s
3373: t=3.373s
3374: t=3.374s
3375: t=3.375s
3376: t=3.376s
3377: t=3.377s
3378: t=3.378s
3379: t=3.379s
3380: t=3.380s
3381: t=3.381s
3382: t=3.382s
3383: t=3.383s
3384: t=3.384s
3385: t=3.385s
3386: t=3.386s
3387: t=3.387s
3388: t=3.388s
3389: t=3.389s
3390: t=3.390s
3391: t=3.391s
3392: t=3.392s
3393: t=3.393s
3394: t=3.394s
3395: t=3.395s
3396: t=3.396s
3397: t=3.397s
3398: t=3.398s
3399: t=3.399s
3400: t=3.400s
3401: t=3.401s
3402: t=3.402s
3403: t=3.403s
3404: t=3.404s
3405: t=3.405s
3406: t=3.406s
3407: t=3.407s
3408: t=3.408s
3409: t=3.409s
3410: t=3.410s
3411: t=3.411s
3412: t=3.412s
3413: t=3.413s
3414: t=3.414s
3415: t=3.415s
3416: t=3.416s
3417: t=3.417s
3418: t=3.418s
3419: t=3.419s
3420: t=3.420s
3421: t=3.421s
3422: t=3.422s
3423: t=3.423s
3424: t=3.424s
3425: t=3.425s
3426: t=3.426s
3427: t=3.427s
3428: t=3.428s
3429: t=3.429s
3430: t=3.430s
3431: t=3.431s
3432: t=3.432s
3433: t=3.433s
3434: t=3.434s
3435: t=3.435s
3436: t=3.436s
3437: t=3.437s
3438: t=3.438s
3439: t=3.439s
3440: t=3.440s
3441: t=3.441s
3442: t=3.442s
3443: t=3.443s
3444: t=3.444s
3445: t=3.445s
3446: t=3.446s
3447: t=3.447s
3448: t=3.448s
3449: t=3.449s
3450: t=3.450s
3451: t=3.451s
3452: t=3.452s
3453: t=3.453s
3454: t=3.454s
3455: t=3.455s
3456: t=3.456s
3457: t=3.457s
3458: t=3.458s
3459: t=3.459s
3460: t=3.460s
3461: t=3.461s
3462: t=3.462s
3463: t=3.463s
3464: t=3.464s
3465: t=3.465s
3466: t=3.466s
3467: t=3.467s
3468: t=3.468s
3469: t=3.469s
3470: t=3.470s
3471: t=3.471s
3472: t=3.472s
3473: t=3.473s
3474: t=3.474s
3475: t=3.475s
3476: t=3.476s
3477: t=3.477s
3478: t=3.478s
3479: t=3.479s
3480: t=3.480s
3481: t=3.481s
3482: t=3.482s
3483: t=3.483s
3484: t=3.484s
3485: t=3.485s
3486: t=3.486s
3487: t=3.487s
3488: t=3.488s
3489: t=3.489s
3490: t=3.490s
3491: t=3.491s
3492: t=3.492s
3493: t=3.493s
3494: t=3.494s
3495: t=3.495s
3496: t=3.496s
3497: t=3.497s
3498: t=3.498s
3499: t=3.499s
3500: t=3.500s
3501: t=3.501s
3502: t=3.502s
3503: t=3.503s
3504: t=3.504s
3505: t=3.505s
3506: t=3.506s
3507: t=3.507s
3508: t=3.508s
3509: t=3.509s
3510: t=3.510s
3511: t=3.511s
3512: t=3.512s
3513: t=3.513s
3514: t=3.514s
3515: t=3.515s
3516: t=3.516s
3517: t=3.517s
3518: t=3.518s
3519: t=3.519s
3520: t=3.520s
3521: t=3.521s
3522: t=3.522s
3523: t=3.523s
3524: t=3.524s
3525: t=3.525s
3526: t=3.526s
3527: t=3.527s
3528: t=3.528s
3529: t=3.529s
3530: t=3.530s
3531: t=3.531s
3532: t=3.532s
3533: t=3.533s
3534: t=3.534s
3535: t=3.535s
3536: t=3.536s
3537: t=3.537s
3538: t=3.538s
3539: t=3.539s
3540: t=3.540s
3541: t=3.541s
3542: t=3.542s
3543: t=3.543s
3544: t=3.544s
3545: t=3.545s
3546: t=3.546s
3547: t=3.547s
3548: t=3.548s
3549: t=3.549s
3550: t=3.550s
3551: t=3.551s
3552: t=3.552s
3553: t=3.553s
3554: t=3.554s
3555: t=3.555s
3556: t=3.556s
3557: t=3.557s
3558: t=3.558s
3559: t=3.559s
3560: t=3.560s
3561: t=3.561s
3562: t=3.562s
3563: t=3.563s
3564: t=3.564s
3565: t=3.565s
3566: t=3.566s
3567: t=3.567s
3568: t=3.568s
3569: t=3.569s
3570: t=3.570s
3571: t=3.571s
3572: t=3.572s
3573: t=3.573s
3574: t=3.574s
3575: t=3.575s
3576: t=3.576s
3577: t=3.577s
3578: t=3.578s
3579: t=3.579s
3580: t=3.580s
3581: t=3.581s
3582: t=3.582s
3583: t=3.583s
3584: t=3.584s
3585: t=3.585s
3586: t=3.586s
3587: t=3.587s
3588: t=3.588s
3589: t=3.589s
3590: t=3.590s
3591: t=3.591s
3592: t=3.592s
3593: t=3.593s
3594: t=3.594s
3595: t=3.595s
3596: t=3.596s
3597: t=3.597s
3598: t=3.598s
3599: t=3.599s
3600: t=3.600s
3601: t=3.601s
3602: t=3.602s
3603: t=3.603s
3604: t=3.604s
3605: t=3.605s
3606: t=3.606s
3607: t=3.607s
3608: t=3.608s
3609: t=3.609s
3610: t=3.610s
3611: t=3.611s
3612: t=3.612s
3613: t=3.613s
3614: t=3.614s
3615: t=3.615s
3616: t=3.616s
3617: t=3.617s
3618: t=3.618s
3619: t=3.619s
3620: t=3.620s
3621: t=3.621s
3622: t=3.622s
3623: t=3.623s
3624: t=3.624s
3625: t=3.625s
3626: t=3.626s
3627: t=3.627s
3628: t=3.628s
3629: t=3.629s
3630: t=3.630s
3631: t=3.631s
3632: t=3.632s
3633: t=3.633s
3634: t=3.634s
3635: t=3.635s
3636: t=3.636s
3637: t=3.637s
3638: t=3.638s
3639: t=3.639s
3640: t=3.640s
3641: t=3.641s
3642: t=3.642s
3643: t=3.643s
3644: t=3.644s
3645: t=3.645s
3646: t=3.646s
3647: t=3.647s
3648: t=3.648s
3649: t=3.649s
3650: t=3.650s
3651: t=3.651s
3652: t=3.652s
3653: t=3.653s
3654: t=3.654s
3655: t=3.655s
3656: t=3.656s
3657: t=3.657s
3658: t=3.658s
3659: t=3.659s
3660: t=3.660s
3661: t=3.661s
3662: t=3.662s
3663: t=3.663s
3664: t=3.664s
3665: t=3.665s
3666: t=3.666s
3667: t=3.667s
3668: t=3.668s
3669: t=3.669s
3670: t=3.670s
3671: t=3.671s
3672: t=3.672s
3673: t=3.673s
3674: t=3.674s
3675: t=3.675s
3676: t=3.676s
3677: t=3.677s
3678: t=3.678s
3679: t=3.679s
3680: t=3.680s
3681: t=3.681s
3682: t=3.682s
3683: t=3.683s
3684: t=3.684s
3685: t=3.685s
3686: t=3.686s
3687: t=3.687s
3688: t=3.688s
3689: t=3.689s
3690: t=3.690s
3691: t=3.691s
3692: t=3.692s
3693: t=3.693s
3694: t=3.694s
3695: t=3.695s
3696: t=3.696s
3697: t=3.697s
3698: t=3.698s
3699: t=3.699s
3700: t=3.700s
3701: t=3.701s
3702: t=3.702s
3703: t=3.703s
3704: t=3.704s
3705: t=3.705s
3706: t=3.706s
3707: t=3.707s
3708: t=3.708s
3709: t=3.709s
3710: t=3.710s
3711: t=3.711s
3712: t=3.712s
3713: t=3.713s
3714: t=3.714s
3715: t=3.715s
3716: t=3.716s
3717: t=3.717s
3718: t=3.718s
3719: t=3.719s
3720: t=3.720s
3721: t=3.721s
3722: t=3.722s
3723: t=3.723s
3724: t=3.724s
3725: t=3.725s
3726: t=3.726s
3727: t=3.727s
3728: t=3.728s
3729: t=3.729s
3730: t=3.730s
3731: t=3.731s
3732: t=3.732s
3733: t=3.733s
3734: t=3.734s
3735: t=3.735s
3736: t=3.736s
3737: t=3.737s
3738: t=3.738s
3739: t=3.739s
3740: t=3.740s
3741: t=3.741s
3742: t=3.742s
3743: t=3.743s
3744: t=3.744s
3745: t=3.745s
3746: t=3.746s
3747: t=3.747s
3748: t=3.748s
3749: t=3.749s
3750: t=3.750s
3751: t=3.751s
3752: t=3.752s
3753: t=3.753s
3754: t=3.754s
3755: t=3.755s
3756: t=3.756s
3757: t=3.757s
3758: t=3.758s
3759: t=3.759s
3760: t=3.760s
3761: t=3.761s
3762: t=3.762s
3763: t=3.763s
3764: t=3.764s
3765: t=3.765s
3766: t=3.766s
3767: t=3.767s
3768: t=3.768s
3769: t=3.769s
3770: t=3.770s
3771: t=3.771s
3772: t=3.772s
3773: t=3.773s
3774: t=3.774s
3775: t=3.775s
3776: t=3.776s
3777: t=3.777s
3778: t=3.778s
3779: t=3.779s
3780: t=3.780s
3781: t=3.781s
3782: t=3.782s
3783: t=3.783s
3784: t=3.784s
3785: t=3.785s
3786: t=3.786s
3787: t=3.787s
3788: t=3.788s
3789: t=3.789s
3790: t=3.790s
3791: t=3.791s
3792: t=3.792s
3793: t=3.793s
3794: t=3.794s
3795: t=3.795s
3796: t=3.796s
3797: t=3.797s
3798: t=3.798s
3799: t=3.799s
3800: t=3.800s
3801: t=3.801s
3802: t=3.802s
3803: t=3.803s
3804: t=3.804s
3805: t=3.805s
3806: t=3.806s
3807: t=3.807s
3808: t=3.808s
3809: t=3.809s
3810: t=3.810s
3811: t=3.811s
3812: t=3.812s
3813: t=3.813s
3814: t=3.814s
3815: t=3.815s
3816: t=3.816s
3817: t=3.817s
3818: t=3.818s
3819: t=3.819s
3820: t=3.820s
3821: t=3.821s
3822: t=3.822s
3823: t=3.823s
3824: t=3.824s
3825: t=3.825s
3826: t=3.826s
3827: t=3.827s
3828: t=3.828s
3829: t=3.829s
3830: t=3.830s
3831: t=3.831s
3832: t=3.832s
3833: t=3.833s
3834: t=3.834s
3835: t=3.835s
3836: t=3.836s
3837: t=3.837s
3838: t=3.838s
3839: t=3.839s
3840: t=3.840s
3841: t=3.841s
3842: t=3.842s
3843: t=3.843s
3844: t=3.844s
3845: t=3.845s
3846: t=3.846s
3847: t=3.847s
3848: t=3.848s
3849: t=3.849s
3850: t=3.850s
3851: t=3.851s
3852: t=3.852s
3853: t=3.853s
3854: t=3.854s
3855: t=3.855s
3856: t=3.856s
3857: t=3.857s
3858: t=3.858s
3859: t=3.859s
3860: t=3.860s
3861: t=3.861s
3862: t=3.862s
3863: t=3.863s
3864: t=3.864s
3865: t=3.865s
3866: t=3.866s
3867: t=3.867s
3868: t=3.868s
3869: t=3.869s
3870: t=3.870s
3871: t=3.871s
3872: t=3.872s
3873: t=3.873s
3874: t=3.874s
3875: t=3.875s
3876: t=3.876s
3877: t=3.877s
3878: t=3.878s
3879: t=3.879s
3880: t=3.880s
3881: t=3.881s
3882: t=3.882s
3883: t=3.883s
3884: t=3.884s
3885: t=3.885s
3886: t=3.886s
3887: t=3.887s
3888: t=3.888s
3889: t=3.889s
3890: t=3.890s
3891: t=3.891s
3892: t=3.892s
3893: t=3.893s
3894: t=3.894s
3895: t=3.895s
3896: t=3.896s
3897: t=3.897s
3898: t=3.898s
3899: t=3.899s
3900: t=3.900s
3901: t=3.901s
3902: t=3.902s
3903: t=3.903s
3904: t=3.904s
3905: t=3.905s
3906: t=3.906s
3907: t=3.907s
3908: t=3.908s
3909: t=3.909s
3910: t=3.910s
3911: t=3.911s
3912: t=3.912s
3913: t=3.913s
3914: t=3.914s
3915: t=3.915s
3916: t=3.916s
3917: t=3.917s
3918: t=3.918s
3919: t=3.919s
3920: t=3.920s
3921: t=3.921s
3922: t=3.922s
3923: t=3.923s
3924: t=3.924s
3925: t=3.925s
3926: t=3.926s
3927: t=3.927s
3928: t=3.928s
3929: t=3.929s
3930: t=3.930s
3931: t=3.931s
3932: t=3.932s
3933: t=3.933s
3934: t=3.934s
3935: t=3.935s
3936: t=3.936s
3937: t=3.937s
3938: t=3.938s
3939: t=3.939s
3940: t=3.940s
3941: t=3.941s
3942: t=3.942s
3943: t=3.943s
3944: t=3.944s
3945: t=3.945s
3946: t=3.946s
3947: t=3.947s
3948: t=3.948s
3949: t=3.949s
3950: t=3.950s
3951: t=3.951s
3952: t=3.952s
3953: t=3.953s
3954: t=3.954s
3955: t=3.955s
3956: t=3.956s
3957: t=3.957s
3958: t=3.958s
3959: t=3.959s
3960: t=3.960s
3961: t=3.961s
3962: t=3.962s
3963: t=3.963s
3964: t=3.964s
3965: t=3.965s
3966: t=3.966s
3967: t=3.967s
3968: t=3.968s
3969: t=3.969s
3970: t=3.970s
3971: t=3.971s
3972: t=3.972s
3973: t=3.973s
3974: t=3.974s
3975: t=3.975s
3976: t=3.976s
3977: t=3.977s
3978: t=3.978s
3979: t=3.979s
3980: t=3.980s
3981: t=3.981s
3982: t=3.982s
3983: t=3.983s
3984: t=3.984s
3985: t=3.985s
3986: t=3.986s
3987: t=3.987s
3988: t=3.988s
3989: t=3.989s
3990: t=3.990s
3991: t=3.991s
3992: t=3.992s
3993: t=3.993s
3994: t=3.994s
3995: t=3.995s
3996: t=3.996s
3997: t=3.997s
3998: t=3.998s
3999: t=3.999s
4000: t=4.000s
4001: t=4.001s
4002: t=4.002s
4003: t=4.003s
4004: t=4.004s
4005: t=4.005s
4006: t=4.006s
4007: t=4.007s
4008: t=4.008s
4009: t=4.009s
4010: t=4.010s
4011: t=4.011s
4012: t=4.012s
4013: t=4.013s
4014: t=4.014s
4015: t=4.015s
4016: t=4.016s
4017: t=4.017s
4018: t=4.018s
4019: t=4.019s
4020: t=4.020s
4021: t=4.021s
4022: t=4.022s
4023: t=4.023s
4024: t=4.024s
4025: t=4.025s
4026: t=4.026s
4027: t=4.027s
4028: t=4.028s
4029: t=4.029s
4030: t=4.030s
4031: t=4.031s
4032: t=4.032s
4033: t=4.033s
4034: t=4.034s
4035: t=4.035s
4036: t=4.036s
4037: t=4.037s
4038: t=4.038s
4039: t=4.039s
4040: t=4.040s
4041: t=4.041s
4042: t=4.042s
4043: t=4.043s
4044: t=4.044s
4045: t=4.045s
4046: t=4.046s
4047: t=4.047s
4048: t=4.048s
4049: t=4.049s
4050: t=4.050s
4051: t=4.051s
4052: t=4.052s
4053: t=4.053s
4054: t=4.054s
4055: t=4.055s
4056: t=4.056s
4057: t=4.057s
4058: t=4.058s
4059: t=4.059s
4060: t=4.060s
4061: t=4.061s
4062: t=4.062s
4063: t=4.063s
4064: t=4.064s
4065: t=4.065s
4066: t=4.066s
4067: t=4.067s
4068: t=4.068s
4069: t=4.069s
4070: t=4.070s
4071: t=4.071s
4072: t=4.072s
4073: t=4.073s
4074: t=4.074s
4075: t=4.075s
4076: t=4.076s
4077: t=4.077s
4078: t=4.078s
4079: t=4.079s
4080: t=4.080s
4081: t=4.081s
4082: t=4.082s
4083: t=4.083s
4084: t=4.084s
4085: t=4.085s
4086: t=4.086s
4087: t=4.087s
4088: t=4.088s
4089: t=4.089s
4090: t=4.090s
4091: t=4.091s
4092: t=4.092s
4093: t=4.093s
4094: t=4.094s
4095: t=4.095s
4096: t=4.096s
4097: t=4.097s
4098: t=4.098s
4099: t=4.099s
4100: t=4.100s
4101: t=4.101s
4102: t=4.102s
4103: t=4.103s
4104: t=4.104s
4105: t=4.105s
4106: t=4.106s
4107: t=4.107s
4108: t=4.108s
4109: t=4.109s
4110: t=4.110s
4111: t=4.111s
4112: t=4.112s
4113: t=4.113s
4114: t=4.114s
4115: t=4.115s
4116: t=4.116s
4117: t=4.117s
4118: t=4.118s
4119: t=4.119s
4120: t=4.120s
4121: t=4.121s
4122: t=4.122s
4123: t=4.123s
4124: t=4.124s
4125: t=4.125s
4126: t=4.126s
4127: t=4.127s
4128: t=4.128s
4129: t=4.129s
4130: t=4.130s
4131: t=4.131s
4132: t=4.132s
4133: t=4.133s
4134: t=4.134s
4135: t=4.135s
4136: t=4.136s
4137: t=4.137s
4138: t=4.138s
4139: t=4.139s
4140: t=4.140s
4141: t=4.141s
4142: t=4.142s
4143: t=4.143s
4144: t=4.144s
4145: t=4.145s
4146: t=4.146s
4147: t=4.147s
4148: t=4.148s
4149: t=4.149s
4150: t=4.150s
4151: t=4.151s
4152: t=4.152s
4153: t=4.153s
4154: t=4.154s
4155: t=4.155s
4156: t=4.156s
4157: t=4.157s
4158: t=4.158s
4159: t=4.159s
4160: t=4.160s
4161: t=4.161s
4162: t=4.162s
4163: t=4.163s
4164: t=4.164s
4165: t=4.165s
4166: t=4.166s
4167: t=4.167s
4168: t=4.168s
4169: t=4.169s
4170: t=4.170s
4171: t=4.171s
4172: t=4.172s
4173: t=4.173s
4174: t=4.174s
4175: t=4.175s
4176: t=4.176s
4177: t=4.177s
4178: t=4.178s
4179: t=4.179s
4180: t=4.180s
4181: t=4.181s
4182: t=4.182s
4183: t=4.183s
4184: t=4.184s
4185: t=4.185s
4186: t=4.186s
4187: t=4.187s
4188: t=4.188s
4189: t=4.189s
4190: t=4.190s
4191: t=4.191s
4192: t=4.192s
4193: t=4.193s
4194: t=4.194s
4195: t=4.195s
4196: t=4.196s
4197: t=4.197s
4198: t=4.198s
4199: t=4.199s
4200: t=4.200s
4201: t=4.201s
4202: t=4.202s
4203: t=4.203s
4204: t=4.204s
4205: t=4.205s
4206: t=4.206s
4207: t=4.207s
4208: t=4.208s
4209: t=4.209s
4210: t=4.210s
4211: t=4.211s
4212: t=4.212s
4213: t=4.213s
4214: t=4.214s
4215: t=4.215s
4216: t=4.216s
4217: t=4.217s
4218: t=4.218s
4219: t=4.219s
4220: t=4.220s
4221: t=4.221s
4222: t=4.222s
4223: t=4.223s
4224: t=4.224s
4225: t=4.225s
4226: t=4.226s
4227: t=4.227s
4228: t=4.228s
4229: t=4.229s
4230: t=4.230s
4231: t=4.231s
4232: t=4.232s
4233: t=4.233s
4234: t=4.234s
4235: t=4.235s
4236: t=4.236s
4237: t=4.237s
4238: t=4.238s
4239: t=4.239s
4240: t=4.240s
4241: t=4.241s
4242: t=4.242s
4243: t=4.243s
4244: t=4.244s
4245: t=4.245s
4246: t=4.246s
4247: t=4.247s
4248: t=4.248s
4249: t=4.249s
4250: t=4.250s
4251: t=4.251s
4252: t=4.252s
4253: t=4.253s
4254: t=4.254s
4255: t=4.255s
4256: t=4.256s
4257: t=4.257s
4258: t=4.258s
4259: t=4.259s
4260: t=4.260s
4261: t=4.261s
4262: t=4.262s
4263: t=4.263s
4264: t=4.264s
4265: t=4.265s
4266: t=4.266s
4267: t=4.267s
4268: t=4.268s
4269: t=4.269s
4270: t=4.270s
4271: t=4.271s
4272: t=4.272s
4273: t=4.273s
4274: t=4.274s
4275: t=4.275s
4276: t=4.276s
4277: t=4.277s
4278: t=4.278s
4279: t=4.279s
4280: t=4.280s
4281: t=4.281s
4282: t=4.282s
4283: t=4.283s
4284: t=4.284s
4285: t=4.285s
4286: t=4.286s
4287: t=4.287s
4288: t=4.288s
4289: t=4.289s
4290: t=4.290s
4291: t=4.291s
4292: t=4.292s
4293: t=4.293s
4294: t=4.294s
4295: t=4.295s
4296: t=4.296s
4297: t=4.297s
4298: t=4.298s
4299: t=4.299s
4300: t=4.300s
4301: t=4.301s
4302: t=4.302s
4303: t=4.303s
4304: t=4.304s
4305: t=4.305s
4306: t=4.306s
4307: t=4.307s
4308: t=4.308s
4309: t=4.309s
4310: t=4.310s
4311: t=4.311s
4312: t=4.312s
4313: t=4.313s
4314: t=4.314s
4315: t=4.315s
4316: t=4.316s
4317: t=4.317s
4318: t=4.318s
4319: t=4.319s
4320: t=4.320s
4321: t=4.321s
4322: t=4.322s
4323: t=4.323s
4324: t=4.324s
4325: t=4.325s
4326: t=4.326s
4327: t=4.327s
4328: t=4.328s
4329: t=4.329s
4330: t=4.330s
4331: t=4.331s
4332: t=4.332s
4333: t=4.333s
4334: t=4.334s
4335: t=4.335s
4336: t=4.336s
4337: t=4.337s
4338: t=4.338s
4339: t=4.339s
4340: t=4.340s
4341: t=4.341s
4342: t=4.342s
4343: t=4.343s
4344: t=4.344s
4345: t=4.345s
4346: t=4.346s
4347: t=4.347s
4348: t=4.348s
4349: t=4.349s
4350: t=4.350s
4351: t=4.351s
4352: t=4.352s
4353: t=4.353s
4354: t=4.354s
4355: t=4.355s
4356: t=4.356s
4357: t=4.357s
4358: t=4.358s
4359: t=4.359s
4360: t=4.360s
4361: t=4.361s
4362: t=4.362s
4363: t=4.363s
4364: t=4.364s
4365: t=4.365s
4366: t=4.366s
4367: t=4.367s
4368: t=4.368s
4369: t=4.369s
4370: t=4.370s
4371: t=4.371s
4372: t=4.372s
4373: t=4.373s
4374: t=4.374s
4375: t=4.375s
4376: t=4.376s
4377: t=4.377s
4378: t=4.378s
4379: t=4.379s
4380: t=4.380s
4381: t=4.381s
4382: t=4.382s
4383: t=4.383s
4384: t=4.384s
4385: t=4.385s
4386: t=4.386s
4387: t=4.387s
4388: t=4.388s
4389: t=4.389s
4390: t=4.390s
4391: t=4.391s
4392: t=4.392s
4393: t=4.393s
4394: t=4.394s
4395: t=4.395s
4396: t=4.396s
4397: t=4.397s
4398: t=4.398s
4399: t=4.399s
4400: t=4.400s
4401: t=4.401s
4402: t=4.402s
4403: t=4.403s
4404: t=4.404s
4405: t=4.405s
4406: t=4.406s
4407: t=4.407s
4408: t=4.408s
4409: t=4.409s
4410: t=4.410s
4411: t=4.411s
4412: t=4.412s
4413: t=4.413s
4414: t=4.414s
4415: t=4.415s
4416: t=4.416s
4417: t=4.417s
4418: t=4.418s
4419: t=4.419s
4420: t=4.420s
4421: t=4.421s
4422: t=4.422s
4423: t=4.423s
4424: t=4.424s
4425: t=4.425s
4426: t=4.426s
4427: t=4.427s
4428: t=4.428s
4429: t=4.429s
4430: t=4.430s
4431: t=4.431s
4432: t=4.432s
4433: t=4.433s
4434: t=4.434s
4435: t=4.435s
4436: t=4.436s
4437: t=4.437s
4438: t=4.438s
4439: t=4.439s
4440: t=4.440s
4441: t=4.441s
4442: t=4.442s
4443: t=4.443s
4444: t=4.444s
4445: t=4.445s
4446: t=4.446s
4447: t=4.447s
4448: t=4.448s
4449: t=4.449s
4450: t=4.450s
4451: t=4.451s
4452: t=4.452s
4453: t=4.453s
4454: t=4.454s
4455: t=4.455s
4456: t=4.456s
4457: t=4.457s
4458: t=4.458s
4459: t=4.459s
4460: t=4.460s
4461: t=4.461s
4462: t=4.462s
4463: t=4.463s
4464: t=4.464s
4465: t=4.465s
4466: t=4.466s
4467: t=4.467s
4468: t=4.468s
4469: t=4.469s
4470: t=4.470s
4471: t=4.471s
4472: t=4.472s
4473: t=4.473s
4474: t=4.474s
4475: t=4.475s
4476: t=4.476s
4477: t=4.477s
4478: t=4.478s
4479: t=4.479s
4480: t=4.480s
4481: t=4.481s
4482: t=4.482s
4483: t=4.483s
4484: t=4.484s
4485: t=4.485s
4486: t=4.486s
4487: t=4.487s
4488: t=4.488s
4489: t=4.489s
4490: t=4.490s
4491: t=4.491s
4492: t=4.492s
4493: t=4.493s
4494: t=4.494s
4495: t=4.495s
4496: t=4.496s
4497: t=4.497s
4498: t=4.498s
4499: t=4.499s
4500: t=4.500s
4501: t=4.501s
4502: t=4.502s
4503: t=4.503s
4504: t=4.504s
4505: t=4.505s
4506: t=4.506s
4507: t=4.507s
4508: t=4.508s
4509: t=4.509s
4510: t=4.510s
4511: t=4.511s
4512: t=4.512s
4513: t=4.513s
4514: t=4.514s
4515: t=4.515s
4516: t=4.516s
4517: t=4.517s
4518: t=4.518s
4519: t=4.519s
4520: t=4.520s
4521: t=4.521s
4522: t=4.522s
4523: t=4.523s
4524: t=4.524s
4525: t=4.525s
4526: t=4.526s
4527: t=4.527s
4528: t=4.528s
4529: t=4.529s
4530: t=4.530s
4531: t=4.531s
4532: t=4.532s
4533: t=4.533s
4534: t=4.534s
4535: t=4.535s
4536: t=4.536s
4537: t=4.537s
4538: t=4.538s
4539: t=4.539s
4540: t=4.540s
4541: t=4.541s
4542: t=4.542s
4543: t=4.543s
4544: t=4.544s
4545: t=4.545s
4546: t=4.546s
4547: t=4.547s
4548: t=4.548s
4549: t=4.549s
4550: t=4.550s
4551: t=4.551s
4552: t=4.552s
4553: t=4.553s
4554: t=4.554s
4555: t=4.555s
4556: t=4.556s
4557: t=4.557s
4558: t=4.558s
4559: t=4.559s
4560: t=4.560s
4561: t=4.561s
4562: t=4.562s
4563: t=4.563s
4564: t=4.564s
4565: t=4.565s
4566: t=4.566s
4567: t=4.567s
4568: t=4.568s
4569: t=4.569s
4570: t=4.570s
4571: t=4.571s
4572: t=4.572s
4573: t=4.573s
4574: t=4.574s
4575: t=4.575s
4576: t=4.576s
4577: t=4.577s
4578: t=4.578s
4579: t=4.579s
4580: t=4.580s
4581: t=4.581s
4582: t=4.582s
4583: t=4.583s
4584: t=4.584s
4585: t=4.585s
4586: t=4.586s
4587: t=4.587s
4588: t=4.588s
4589: t=4.589s
4590: t=4.590s
4591: t=4.591s
4592: t=4.592s
4593: t=4.593s
4594: t=4.594s
4595: t=4.595s
4596: t=4.596s
4597: t=4.597s
4598: t=4.598s
4599: t=4.599s
4600: t=4.600s
4601: t=4.601s
4602: t=4.602s
4603: t=4.603s
4604: t=4.604s
4605: t=4.605s
4606: t=4.606s
4607: t=4.607s
4608: t=4.608s
4609: t=4.609s
4610: t=4.610s
4611: t=4.611s
4612: t=4.612s
4613: t=4.613s
4614: t=4.614s
4615: t=4.615s
4616: t=4.616s
4617: t=4.617s
4618: t=4.618s
4619: t=4.619s
4620: t=4.620s
4621: t=4.621s
4622: t=4.622s
4623: t=4.623s
4624: t=4.624s
4625: t=4.625s
4626: t=4.626s
4627: t=4.627s
4628: t=4.628s
4629: t=4.629s
4630: t=4.630s
4631: t=4.631s
4632: t=4.632s
4633: t=4.633s
4634: t=4.634s
4635: t=4.635s
4636: t=4.636s
4637: t=4.637s
4638: t=4.638s
4639: t=4.639s
4640: t=4.640s
4641: t=4.641s
4642: t=4.642s
4643: t=4.643s
4644: t=4.644s
4645: t=4.645s
4646: t=4.646s
4647: t=4.647s
4648: t=4.648s
4649: t=4.649s
4650: t=4.650s
4651: t=4.651s
4652: t=4.652s
4653: t=4.653s
4654: t=4.654s
4655: t=4.655s
4656: t=4.656s
4657: t=4.657s
4658: t=4.658s
4659: t=4.659s
4660: t=4.660s
4661: t=4.661s
4662: t=4.662s
4663: t=4.663s
4664: t=4.664s
4665: t=4.665s
4666: t=4.666s
4667: t=4.667s
4668: t=4.668s
4669: t=4.669s
4670: t=4.670s
4671: t=4.671s
4672: t=4.672s
4673: t=4.673s
4674: t=4.674s
4675: t=4.675s
4676: t=4.676s
4677: t=4.677s
4678: t=4.678s
4679: t=4.679s
4680: t=4.680s
4681: t=4.681s
4682: t=4.682s
4683: t=4.683s
4684: t=4.684s
4685: t=4.685s
4686: t=4.686s
4687: t=4.687s
4688: t=4.688s
4689: t=4.689s
4690: t=4.690s
4691: t=4.691s
4692: t=4.692s
4693: t=4.693s
4694: t=4.694s
4695: t=4.695s
4696: t=4.696s
4697: t=4.697s
4698: t=4.698s
4699: t=4.699s
4700: t=4.700s
4701: t=4.701s
4702: t=4.702s
4703: t=4.703s
4704: t=4.704s
4705: t=4.705s
4706: t=4.706s
4707: t=4.707s
4708: t=4.708s
4709: t=4.709s
4710: t=4.710s
4711: t=4.711s
4712: t=4.712s
4713: t=4.713s
4714: t=4.714s
4715: t=4.715s
4716: t=4.716s
4717: t=4.717s
4718: t=4.718s
4719: t=4.719s
4720: t=4.720s
4721: t=4.721s
4722: t=4.722s
4723: t=4.723s
4724: t=4.724s
4725: t=4.725s
4726: t=4.726s
4727: t=4.727s
4728: t=4.728s
4729: t=4.729s
4730: t=4.730s
4731: t=4.731s
4732: t=4.732s
4733: t=4.733s
4734: t=4.734s
4735: t=4.735s
4736: t=4.736s
4737: t=4.737s
4738: t=4.738s
4739: t=4.739s
4740: t=4.740s
4741: t=4.741s
4742: t=4.742s
4743: t=4.743s
4744: t=4.744s
4745: t=4.745s
4746: t=4.746s
4747: t=4.747s
4748: t=4.748s
4749: t=4.749s
4750: t=4.750s
4751: t=4.751s
4752: t=4.752s
4753: t=4.753s
4754: t=4.754s
4755: t=4.755s
4756: t=4.756s
4757: t=4.757s
4758: t=4.758s
4759: t=4.759s
4760: t=4.760s
4761: t=4.761s
4762: t=4.762s
4763: t=4.763s
4764: t=4.764s
4765: t=4.765s
4766: t=4.766s
4767: t=4.767s
4768: t=4.768s
4769: t=4.769s
4770: t=4.770s
4771: t=4.771s
4772: t=4.772s
4773: t=4.773s
4774: t=4.774s
4775: t=4.775s
4776: t=4.776s
4777: t=4.777s
4778: t=4.778s
4779: t=4.779s
4780: t=4.780s
4781: t=4.781s
4782: t=4.782s
4783: t=4.783s
4784: t=4.784s
4785: t=4.785s
4786: t=4.786s
4787: t=4.787s
4788: t=4.788s
4789: t=4.789s
4790: t=4.790s
4791: t=4.791s
4792: t=4.792s
4793: t=4.793s
4794: t=4.794s
4795: t=4.795s
4796: t=4.796s
4797: t=4.797s
4798: t=4.798s
4799: t=4.799s
4800: t=4.800s
4801: t=4.801s
4802: t=4.802s
4803: t=4.803s
4804: t=4.804s
4805: t=4.805s
4806: t=4.806s
4807: t=4.807s
4808: t=4.808s
4809: t=4.809s
4810: t=4.810s
4811: t=4.811s
4812: t=4.812s
4813: t=4.813s
4814: t=4.814s
4815: t=4.815s
4816: t=4.816s
4817: t=4.817s
4818: t=4.818s
4819: t=4.819s
4820: t=4.820s
4821: t=4.821s
4822: t=4.822s
4823: t=4.823s
4824: t=4.824s
4825: t=4.825s
4826: t=4.826s
4827: t=4.827s
4828: t=4.828s
4829: t=4.829s
4830: t=4.830s
4831: t=4.831s
4832: t=4.832s
4833: t=4.833s
4834: t=4.834s
4835: t=4.835s
4836: t=4.836s
4837: t=4.837s
4838: t=4.838s
4839: t=4.839s
4840: t=4.840s
4841: t=4.841s
4842: t=4.842s
4843: t=4.843s
4844: t=4.844s
4845: t=4.845s
4846: t=4.846s
4847: t=4.847s
4848: t=4.848s
4849: t=4.849s
4850: t=4.850s
4851: t=4.851s
4852: t=4.852s
4853: t=4.853s
4854: t=4.854s
4855: t=4.855s
4856: t=4.856s
4857: t=4.857s
4858: t=4.858s
4859: t=4.859s
4860: t=4.860s
4861: t=4.861s
4862: t=4.862s
4863: t=4.863s
4864: t=4.864s
4865: t=4.865s
4866: t=4.866s
4867: t=4.867s
4868: t=4.868s
4869: t=4.869s
4870: t=4.870s
4871: t=4.871s
4872: t=4.872s
4873: t=4.873s
4874: t=4.874s
4875: t=4.875s
4876: t=4.876s
4877: t=4.877s
4878: t=4.878s
4879: t=4.879s
4880: t=4.880s
4881: t=4.881s
4882: t=4.882s
4883: t=4.883s
4884: t=4.884s
4885: t=4.885s
4886: t=4.886s
4887: t=4.887s
4888: t=4.888s
4889: t=4.889s
4890: t=4.890s
4891: t=4.891s
4892: t=4.892s
4893: t=4.893s
4894: t=4.894s
4895: t=4.895s
4896: t=4.896s
4897: t=4.897s
4898: t=4.898s
4899: t=4.899s
4900: t=4.900s
4901: t=4.901s
4902: t=4.902s
4903: t=4.903s
4904: t=4.904s
4905: t=4.905s
4906: t=4.906s
4907: t=4.907s
4908: t=4.908s
4909: t=4.909s
4910: t=4.910s
4911: t=4.911s
4912: t=4.912s
4913: t=4.913s
4914: t=4.914s
4915: t=4.915s
4916: t=4.916s
4917: t=4.917s
4918: t=4.918s
4919: t=4.919s
4920: t=4.920s
4921: t=4.921s
4922: t=4.922s
4923: t=4.923s
4924: t=4.924s
4925: t=4.925s
4926: t=4.926s
4927: t=4.927s
4928: t=4.928s
4929: t=4.929s
4930: t=4.930s
4931: t=4.931s
4932: t=4.932s
4933: t=4.933s
4934: t=4.934s
4935: t=4.935s
4936: t=4.936s
4937: t=4.937s
4938: t=4.938s
4939: t=4.939s
4940: t=4.940s
4941: t=4.941s
4942: t=4.942s
4943: t=4.943s
4944: t=4.944s
4945: t=4.945s
4946: t=4.946s
4947: t=4.947s
4948: t=4.948s
4949: t=4.949s
4950: t=4.950s
4951: t=4.951s
4952: t=4.952s
4953: t=4.953s
4954: t=4.954s
4955: t=4.955s
4956: t=4.956s
4957: t=4.957s
4958: t=4.958s
4959: t=4.959s
4960: t=4.960s
4961: t=4.961s
4962: t=4.962s
4963: t=4.963s
4964: t=4.964s
4965: t=4.965s
4966: t=4.966s
4967: t=4.967s
4968: t=4.968s
4969: t=4.969s
4970: t=4.970s
4971: t=4.971s
4972: t=4.972s
4973: t=4.973s
4974: t=4.974s
4975: t=4.975s
4976: t=4.976s
4977: t=4.977s
4978: t=4.978s
4979: t=4.979s
4980: t=4.980s
4981: t=4.981s
4982: t=4.982s
4983: t=4.983s
4984: t=4.984s
4985: t=4.985s
4986: t=4.986s
4987: t=4.987s
4988: t=4.988s
4989: t=4.989s
4990: t=4.990s
4991: t=4.991s
4992: t=4.992s
4993: t=4.993s
4994: t=4.994s
4995: t=4.995s
4996: t=4.996s
4997: t=4.997s
4998: t=4.998s
4999: t=4.999s
5000: t=5.000s
